-------------------------------------------------------------------------------
Test set: financial.FinancialTest
-------------------------------------------------------------------------------
Tests run: 13, Failures: 13, Errors: 0, Skipped: 0, Time elapsed: 14.856 s <<< FAILURE! - in financial.FinancialTest
testAll[1][1]  Time elapsed: 2.109 s  <<< FAILURE!
org.opentest4j.AssertionFailedError: 
match failed: EQUALS
  $ | actual path does not exist (STRING:STRING)
  '#notpresent'
  'USD'

classpath:financial/features/forex-data.feature:13

testAll[1][2]  Time elapsed: 0.817 s  <<< FAILURE!
org.opentest4j.AssertionFailedError: 
match failed: CONTAINS
  $ | actual path does not exist (STRING:STRING)
  '#notpresent'
  'FX Intraday'

classpath:financial/features/forex-data.feature:24

testAll[1][3]  Time elapsed: 0.317 s  <<< FAILURE!
org.opentest4j.AssertionFailedError: 
match failed: CONTAINS
  $ | actual path does not exist (STRING:STRING)
  '#notpresent'
  'FX Intraday'

classpath:financial/features/forex-data.feature:24

testAll[1][4]  Time elapsed: 2.77 s  <<< FAILURE!
org.opentest4j.AssertionFailedError: 
match failed: EQUALS

classpath:financial/features/forex-data.feature:40

testAll[2][1]  Time elapsed: 0.979 s  <<< FAILURE!
org.opentest4j.AssertionFailedError: 
match failed: NOT_EQUALS
  $ | actual path does not exist (STRING:NULL)
  '#notpresent'
  null

classpath:financial/features/news-sentiment.feature:12

testAll[2][2]  Time elapsed: 0.948 s  <<< FAILURE!
org.opentest4j.AssertionFailedError: 
match failed: NOT_EQUALS
  $ | actual path does not exist (STRING:NULL)
  '#notpresent'
  null

classpath:financial/features/news-sentiment.feature:23

testAll[2][3]  Time elapsed: 0.834 s  <<< FAILURE!
org.opentest4j.AssertionFailedError: 
match failed: NOT_EQUALS
  $ | actual path does not exist (STRING:NULL)
  '#notpresent'
  null

classpath:financial/features/news-sentiment.feature:23

testAll[2][4]  Time elapsed: 0.967 s  <<< FAILURE!
org.opentest4j.AssertionFailedError: 
match failed: EQUALS

classpath:financial/features/news-sentiment.feature:38

testAll[3][1]  Time elapsed: 0.818 s  <<< FAILURE!
org.opentest4j.AssertionFailedError: 
match failed: EQUALS
  $ | actual path does not exist (STRING:STRING)
  '#notpresent'
  'TSLA'

classpath:financial/features/stock-data.feature:13

testAll[3][2]  Time elapsed: 0.8 s  <<< FAILURE!
org.opentest4j.AssertionFailedError: 
match failed: EQUALS
  $ | actual path does not exist (STRING:STRING)
  '#notpresent'
  'AAPL'

classpath:financial/features/stock-data.feature:22

testAll[3][3]  Time elapsed: 0.794 s  <<< FAILURE!
org.opentest4j.AssertionFailedError: 
match failed: EQUALS
  $ | actual path does not exist (STRING:STRING)
  '#notpresent'
  'GOOGL'

classpath:financial/features/stock-data.feature:22

testAll[3][4]  Time elapsed: 0.792 s  <<< FAILURE!
org.opentest4j.AssertionFailedError: 
match failed: EQUALS
  $ | actual path does not exist (STRING:STRING)
  '#notpresent'
  'MSFT'

classpath:financial/features/stock-data.feature:22

testAll[3][5]  Time elapsed: 1.112 s  <<< FAILURE!
org.opentest4j.AssertionFailedError: 
match failed: EQUALS

classpath:financial/features/stock-data.feature:36

