<?xml version="1.0" encoding="UTF-8"?>
<testsuite xmlns:xsi="http://www.w3.org/2001/XMLSchema-instance" xsi:noNamespaceSchemaLocation="https://maven.apache.org/surefire/maven-surefire-plugin/xsd/surefire-test-report.xsd" name="financial.FinancialTest" time="14.856" tests="13" errors="0" skipped="0" failures="13">
  <properties>
[...]
</properties>
  <testcase name="testAll[1][1]" classname="financial.FinancialTest" time="2.109">
    <failure message="match failed: EQUALS&#10;  $ | actual path does not exist (STRING:STRING)&#10;  &apos;#notpresent&apos;&#10;  &apos;USD&apos;&#10;&#10;classpath:financial/features/forex-data.feature:13" type="org.opentest4j.AssertionFailedError">org.opentest4j.AssertionFailedError: 
match failed: EQUALS
  $ | actual path does not exist (STRING:STRING)
  '#notpresent'
  'USD'

classpath:financial/features/forex-data.feature:13
</failure>
    <system-out><![CDATA[19:15:54.271 [main] DEBUG com.intuit.karate.Suite - [config] classpath:karate-config.js
19:15:55.113 [main] INFO com.intuit.karate - karate.env system property was: null 
19:15:55.380 [main] DEBUG org.apache.http.client.protocol.RequestAddCookies - CookieSpec selected: karate
19:15:55.386 [main] DEBUG org.apache.http.client.protocol.RequestAuthCache - Auth cache not set in the context
19:15:55.388 [main] DEBUG com.intuit.karate - request:
1 > GET https://www.alphavantage.co/query?apikey=BGU0HNT15US653BN&from_currency=USD&function=CURRENCY_EXCHANGE_RATE&to_currency=EUR
1 > Host: www.alphavantage.co
1 > Connection: Keep-Alive
1 > User-Agent: Apache-HttpClient/4.5.14 (Java/11.0.24)
1 > Accept-Encoding: gzip,deflate


19:15:55.388 [main] DEBUG org.apache.http.impl.conn.PoolingHttpClientConnectionManager - Connection request: [route: {s}->https://www.alphavantage.co:443][total available: 0; route allocated: 0 of 5; total allocated: 0 of 10]
19:15:55.397 [main] DEBUG org.apache.http.impl.conn.PoolingHttpClientConnectionManager - Connection leased: [id: 0][route: {s}->https://www.alphavantage.co:443][total available: 0; route allocated: 1 of 5; total allocated: 1 of 10]
19:15:55.398 [main] DEBUG org.apache.http.impl.execchain.MainClientExec - Opening connection {s}->https://www.alphavantage.co:443
19:15:55.422 [main] DEBUG org.apache.http.impl.conn.DefaultHttpClientConnectionOperator - Connecting to www.alphavantage.co/172.67.23.2:443
19:15:55.423 [main] DEBUG org.apache.http.conn.ssl.SSLConnectionSocketFactory - Connecting socket to www.alphavantage.co/172.67.23.2:443 with timeout 30000
19:15:55.441 [main] DEBUG org.apache.http.conn.ssl.SSLConnectionSocketFactory - Enabled protocols: [TLSv1.3, TLSv1.2]
19:15:55.441 [main] DEBUG org.apache.http.conn.ssl.SSLConnectionSocketFactory - Enabled cipher suites:[TLS_AES_256_GCM_SHA384, TLS_AES_128_GCM_SHA256, TLS_CHACHA20_POLY1305_SHA256, TLS_ECDHE_ECDSA_WITH_AES_256_GCM_SHA384, TLS_ECDHE_ECDSA_WITH_AES_128_GCM_SHA256, TLS_ECDHE_ECDSA_WITH_CHACHA20_POLY1305_SHA256, TLS_ECDHE_RSA_WITH_AES_256_GCM_SHA384, TLS_ECDHE_RSA_WITH_CHACHA20_POLY1305_SHA256, TLS_ECDHE_RSA_WITH_AES_128_GCM_SHA256, TLS_DHE_RSA_WITH_AES_256_GCM_SHA384, TLS_DHE_RSA_WITH_CHACHA20_POLY1305_SHA256, TLS_DHE_DSS_WITH_AES_256_GCM_SHA384, TLS_DHE_RSA_WITH_AES_128_GCM_SHA256, TLS_DHE_DSS_WITH_AES_128_GCM_SHA256, TLS_ECDHE_ECDSA_WITH_AES_256_CBC_SHA384, TLS_ECDHE_RSA_WITH_AES_256_CBC_SHA384, TLS_ECDHE_ECDSA_WITH_AES_128_CBC_SHA256, TLS_ECDHE_RSA_WITH_AES_128_CBC_SHA256, TLS_DHE_RSA_WITH_AES_256_CBC_SHA256, TLS_DHE_DSS_WITH_AES_256_CBC_SHA256, TLS_DHE_RSA_WITH_AES_128_CBC_SHA256, TLS_DHE_DSS_WITH_AES_128_CBC_SHA256, TLS_ECDH_ECDSA_WITH_AES_256_GCM_SHA384, TLS_ECDH_RSA_WITH_AES_256_GCM_SHA384, TLS_ECDH_ECDSA_WITH_AES_128_GCM_SHA256, TLS_ECDH_RSA_WITH_AES_128_GCM_SHA256, TLS_ECDH_ECDSA_WITH_AES_256_CBC_SHA384, TLS_ECDH_RSA_WITH_AES_256_CBC_SHA384, TLS_ECDH_ECDSA_WITH_AES_128_CBC_SHA256, TLS_ECDH_RSA_WITH_AES_128_CBC_SHA256, TLS_ECDHE_ECDSA_WITH_AES_256_CBC_SHA, TLS_ECDHE_RSA_WITH_AES_256_CBC_SHA, TLS_ECDHE_ECDSA_WITH_AES_128_CBC_SHA, TLS_ECDHE_RSA_WITH_AES_128_CBC_SHA, TLS_DHE_RSA_WITH_AES_256_CBC_SHA, TLS_DHE_DSS_WITH_AES_256_CBC_SHA, TLS_DHE_RSA_WITH_AES_128_CBC_SHA, TLS_DHE_DSS_WITH_AES_128_CBC_SHA, TLS_ECDH_ECDSA_WITH_AES_256_CBC_SHA, TLS_ECDH_RSA_WITH_AES_256_CBC_SHA, TLS_ECDH_ECDSA_WITH_AES_128_CBC_SHA, TLS_ECDH_RSA_WITH_AES_128_CBC_SHA, TLS_RSA_WITH_AES_256_GCM_SHA384, TLS_RSA_WITH_AES_128_GCM_SHA256, TLS_RSA_WITH_AES_256_CBC_SHA256, TLS_RSA_WITH_AES_128_CBC_SHA256, TLS_RSA_WITH_AES_256_CBC_SHA, TLS_RSA_WITH_AES_128_CBC_SHA, TLS_EMPTY_RENEGOTIATION_INFO_SCSV]
19:15:55.441 [main] DEBUG org.apache.http.conn.ssl.SSLConnectionSocketFactory - Starting handshake
19:15:55.525 [main] DEBUG org.apache.http.conn.ssl.SSLConnectionSocketFactory - Secure session established
19:15:55.525 [main] DEBUG org.apache.http.conn.ssl.SSLConnectionSocketFactory -  negotiated protocol: TLSv1.3
19:15:55.525 [main] DEBUG org.apache.http.conn.ssl.SSLConnectionSocketFactory -  negotiated cipher suite: TLS_AES_256_GCM_SHA384
19:15:55.525 [main] DEBUG org.apache.http.conn.ssl.SSLConnectionSocketFactory -  peer principal: CN=alphavantage.co
19:15:55.525 [main] DEBUG org.apache.http.conn.ssl.SSLConnectionSocketFactory -  peer alternative names: [alphavantage.co, *.alphavantage.co]
19:15:55.525 [main] DEBUG org.apache.http.conn.ssl.SSLConnectionSocketFactory -  issuer principal: CN=WE1, O=Google Trust Services, C=US
19:15:55.527 [main] DEBUG org.apache.http.impl.conn.DefaultHttpClientConnectionOperator - Connection established 192.168.1.227:64278<->172.67.23.2:443
19:15:55.527 [main] DEBUG org.apache.http.impl.conn.DefaultManagedHttpClientConnection - http-outgoing-0: set socket timeout to 30000
19:15:55.527 [main] DEBUG org.apache.http.impl.execchain.MainClientExec - Executing request GET /query?apikey=BGU0HNT15US653BN&from_currency=USD&function=CURRENCY_EXCHANGE_RATE&to_currency=EUR HTTP/1.1
19:15:55.527 [main] DEBUG org.apache.http.impl.execchain.MainClientExec - Target auth state: UNCHALLENGED
19:15:55.528 [main] DEBUG org.apache.http.impl.execchain.MainClientExec - Proxy auth state: UNCHALLENGED
19:15:55.528 [main] DEBUG org.apache.http.headers - http-outgoing-0 >> GET /query?apikey=BGU0HNT15US653BN&from_currency=USD&function=CURRENCY_EXCHANGE_RATE&to_currency=EUR HTTP/1.1
19:15:55.529 [main] DEBUG org.apache.http.headers - http-outgoing-0 >> Host: www.alphavantage.co
19:15:55.529 [main] DEBUG org.apache.http.headers - http-outgoing-0 >> Connection: Keep-Alive
19:15:55.529 [main] DEBUG org.apache.http.headers - http-outgoing-0 >> User-Agent: Apache-HttpClient/4.5.14 (Java/11.0.24)
19:15:55.529 [main] DEBUG org.apache.http.headers - http-outgoing-0 >> Accept-Encoding: gzip,deflate
19:15:55.529 [main] DEBUG org.apache.http.wire - http-outgoing-0 >> "GET /query?apikey=BGU0HNT15US653BN&from_currency=USD&function=CURRENCY_EXCHANGE_RATE&to_currency=EUR HTTP/1.1[\r][\n]"
19:15:55.529 [main] DEBUG org.apache.http.wire - http-outgoing-0 >> "Host: www.alphavantage.co[\r][\n]"
19:15:55.529 [main] DEBUG org.apache.http.wire - http-outgoing-0 >> "Connection: Keep-Alive[\r][\n]"
19:15:55.529 [main] DEBUG org.apache.http.wire - http-outgoing-0 >> "User-Agent: Apache-HttpClient/4.5.14 (Java/11.0.24)[\r][\n]"
19:15:55.529 [main] DEBUG org.apache.http.wire - http-outgoing-0 >> "Accept-Encoding: gzip,deflate[\r][\n]"
19:15:55.529 [main] DEBUG org.apache.http.wire - http-outgoing-0 >> "[\r][\n]"
19:15:56.321 [main] DEBUG org.apache.http.wire - http-outgoing-0 << "HTTP/1.1 200 OK[\r][\n]"
19:15:56.321 [main] DEBUG org.apache.http.wire - http-outgoing-0 << "Date: Sat, 20 Jul 2024 11:15:59 GMT[\r][\n]"
19:15:56.321 [main] DEBUG org.apache.http.wire - http-outgoing-0 << "Content-Type: application/json[\r][\n]"
19:15:56.321 [main] DEBUG org.apache.http.wire - http-outgoing-0 << "Transfer-Encoding: chunked[\r][\n]"
19:15:56.321 [main] DEBUG org.apache.http.wire - http-outgoing-0 << "Connection: keep-alive[\r][\n]"
19:15:56.321 [main] DEBUG org.apache.http.wire - http-outgoing-0 << "Report-To: {"group":"heroku-nel","max_age":3600,"endpoints":[{"url":"https://nel.heroku.com/reports?ts=1721474159&sid=1b10b0ff-8a76-4548-befa-353fc6c6c045&s=ruK5YOslCq390EMckMj%2BtCUGGdbj3vmu3Z5ZocYzgE4%3D"}]}[\r][\n]"
19:15:56.321 [main] DEBUG org.apache.http.wire - http-outgoing-0 << "Reporting-Endpoints: heroku-nel=https://nel.heroku.com/reports?ts=1721474159&sid=1b10b0ff-8a76-4548-befa-353fc6c6c045&s=ruK5YOslCq390EMckMj%2BtCUGGdbj3vmu3Z5ZocYzgE4%3D[\r][\n]"
19:15:56.321 [main] DEBUG org.apache.http.wire - http-outgoing-0 << "Nel: {"report_to":"heroku-nel","max_age":3600,"success_fraction":0.005,"failure_fraction":0.05,"response_headers":["Via"]}[\r][\n]"
19:15:56.321 [main] DEBUG org.apache.http.wire - http-outgoing-0 << "Allow: GET, HEAD, OPTIONS[\r][\n]"
19:15:56.321 [main] DEBUG org.apache.http.wire - http-outgoing-0 << "X-Frame-Options: DENY[\r][\n]"
19:15:56.321 [main] DEBUG org.apache.http.wire - http-outgoing-0 << "Vary: Cookie, Origin[\r][\n]"
19:15:56.321 [main] DEBUG org.apache.http.wire - http-outgoing-0 << "X-Content-Type-Options: nosniff[\r][\n]"
19:15:56.321 [main] DEBUG org.apache.http.wire - http-outgoing-0 << "Referrer-Policy: same-origin[\r][\n]"
19:15:56.321 [main] DEBUG org.apache.http.wire - http-outgoing-0 << "Cross-Origin-Opener-Policy: same-origin[\r][\n]"
19:15:56.321 [main] DEBUG org.apache.http.wire - http-outgoing-0 << "Via: 1.1 vegur[\r][\n]"
19:15:56.321 [main] DEBUG org.apache.http.wire - http-outgoing-0 << "CF-Cache-Status: DYNAMIC[\r][\n]"
19:15:56.321 [main] DEBUG org.apache.http.wire - http-outgoing-0 << "Server: cloudflare[\r][\n]"
19:15:56.321 [main] DEBUG org.apache.http.wire - http-outgoing-0 << "CF-RAY: 8a628951ea9d9fc1-SIN[\r][\n]"
19:15:56.321 [main] DEBUG org.apache.http.wire - http-outgoing-0 << "Content-Encoding: gzip[\r][\n]"
19:15:56.321 [main] DEBUG org.apache.http.wire - http-outgoing-0 << "[\r][\n]"
19:15:56.321 [main] DEBUG org.apache.http.wire - http-outgoing-0 << "c9[\r][\n]"
19:15:56.322 [main] DEBUG org.apache.http.wire - http-outgoing-0 << "[0x1f][0x8b][0x8][0x0][0x0][0x0][0x0][0x0][0x0][0x3]<[0x8e]1j[0xc3]@[0x10]E{[0x9f][0xe2]G[0x7][0x90] [0x90][0xc6][0x9d]KWq[0x11][0xdc][0x8f][0xad][0x91]5dwv=3k!B[0xee][0x1e][0x84]M[0xda][0xcf][0xe3][0xbf][0xf7][0xb3][0x3][0x80][0xee][0xa8]S[0xb1]L!E[0xbb]=[0xba][0xaf][0x99][0xf4][0x1b]ki[0x98][0x8a][0xa1][0xb9][0xe8][\r][0x87]Tg[0xc2][0x99]4[0xe8][0xc6]o[0xf8]l[0x6][0xf][0xd2][0x91]l[0xc4][0xe1]t[0x84]Q0[0x92]d[0x9][0x88][0xe3][0xfd][0x3][0xc6][0xf7][0xc6][0x1e][0x8e][0xca][0x86][0x91][0xd6][0x1e][0xa7][0xc4][0xe4][0xc]o[0x17][0xbf][0x9a]\[0x18]Q@[0xba][0xa2]L[0x88][0x99]Q[0x8d][0xb3][0xb4][0x8c][0x9a]H[0x1d][0x14][0x98]#[0xaa][0xef][0x87]aY[0x96][0x9e]6[0xfd][0xe3]i[0xef][0xaf]ex[0xc1][0xc3][0xf6]![0xba][0x95]DZa[0x9c][0xcb][0x83]A)a$[0xd9][0x86][0xff]*[0xef][0xbb][0xdd][0xef][0x1f][0x0][0x0][0x0][0xff][0xff][0x3][0x0][0xd5][0x8e]b6[0xef][0x0][0x0][0x0][\r][\n]"
19:15:56.324 [main] DEBUG org.apache.http.headers - http-outgoing-0 << HTTP/1.1 200 OK
19:15:56.324 [main] DEBUG org.apache.http.headers - http-outgoing-0 << Date: Sat, 20 Jul 2024 11:15:59 GMT
19:15:56.324 [main] DEBUG org.apache.http.headers - http-outgoing-0 << Content-Type: application/json
19:15:56.324 [main] DEBUG org.apache.http.headers - http-outgoing-0 << Transfer-Encoding: chunked
19:15:56.324 [main] DEBUG org.apache.http.headers - http-outgoing-0 << Connection: keep-alive
19:15:56.324 [main] DEBUG org.apache.http.headers - http-outgoing-0 << Report-To: {"group":"heroku-nel","max_age":3600,"endpoints":[{"url":"https://nel.heroku.com/reports?ts=1721474159&sid=1b10b0ff-8a76-4548-befa-353fc6c6c045&s=ruK5YOslCq390EMckMj%2BtCUGGdbj3vmu3Z5ZocYzgE4%3D"}]}
19:15:56.324 [main] DEBUG org.apache.http.headers - http-outgoing-0 << Reporting-Endpoints: heroku-nel=https://nel.heroku.com/reports?ts=1721474159&sid=1b10b0ff-8a76-4548-befa-353fc6c6c045&s=ruK5YOslCq390EMckMj%2BtCUGGdbj3vmu3Z5ZocYzgE4%3D
19:15:56.324 [main] DEBUG org.apache.http.headers - http-outgoing-0 << Nel: {"report_to":"heroku-nel","max_age":3600,"success_fraction":0.005,"failure_fraction":0.05,"response_headers":["Via"]}
19:15:56.324 [main] DEBUG org.apache.http.headers - http-outgoing-0 << Allow: GET, HEAD, OPTIONS
19:15:56.324 [main] DEBUG org.apache.http.headers - http-outgoing-0 << X-Frame-Options: DENY
19:15:56.324 [main] DEBUG org.apache.http.headers - http-outgoing-0 << Vary: Cookie, Origin
19:15:56.324 [main] DEBUG org.apache.http.headers - http-outgoing-0 << X-Content-Type-Options: nosniff
19:15:56.324 [main] DEBUG org.apache.http.headers - http-outgoing-0 << Referrer-Policy: same-origin
19:15:56.324 [main] DEBUG org.apache.http.headers - http-outgoing-0 << Cross-Origin-Opener-Policy: same-origin
19:15:56.324 [main] DEBUG org.apache.http.headers - http-outgoing-0 << Via: 1.1 vegur
19:15:56.324 [main] DEBUG org.apache.http.headers - http-outgoing-0 << CF-Cache-Status: DYNAMIC
19:15:56.324 [main] DEBUG org.apache.http.headers - http-outgoing-0 << Server: cloudflare
19:15:56.324 [main] DEBUG org.apache.http.headers - http-outgoing-0 << CF-RAY: 8a628951ea9d9fc1-SIN
19:15:56.324 [main] DEBUG org.apache.http.headers - http-outgoing-0 << Content-Encoding: gzip
19:15:56.327 [main] DEBUG org.apache.http.impl.execchain.MainClientExec - Connection can be kept alive indefinitely
19:15:56.330 [main] DEBUG org.apache.http.impl.conn.DefaultManagedHttpClientConnection - http-outgoing-0: Close connection
19:15:56.331 [main] DEBUG org.apache.http.impl.execchain.MainClientExec - Connection discarded
19:15:56.331 [main] DEBUG org.apache.http.impl.conn.PoolingHttpClientConnectionManager - Connection released: [id: 0][route: {s}->https://www.alphavantage.co:443][total available: 0; route allocated: 0 of 5; total allocated: 0 of 10]
19:15:56.331 [main] DEBUG org.apache.http.impl.conn.PoolingHttpClientConnectionManager - Connection manager is shutting down
19:15:56.331 [main] DEBUG org.apache.http.impl.conn.PoolingHttpClientConnectionManager - Connection manager shut down
19:15:56.333 [main] DEBUG com.intuit.karate - response time in milliseconds: 942
1 < 200
1 < Date: Sat, 20 Jul 2024 11:15:59 GMT
1 < Content-Type: application/json
1 < Transfer-Encoding: chunked
1 < Connection: keep-alive
1 < Report-To: {"group":"heroku-nel","max_age":3600,"endpoints":[{"url":"https://nel.heroku.com/reports?ts=1721474159&sid=1b10b0ff-8a76-4548-befa-353fc6c6c045&s=ruK5YOslCq390EMckMj%2BtCUGGdbj3vmu3Z5ZocYzgE4%3D"}]}
1 < Reporting-Endpoints: heroku-nel=https://nel.heroku.com/reports?ts=1721474159&sid=1b10b0ff-8a76-4548-befa-353fc6c6c045&s=ruK5YOslCq390EMckMj%2BtCUGGdbj3vmu3Z5ZocYzgE4%3D
1 < Nel: {"report_to":"heroku-nel","max_age":3600,"success_fraction":0.005,"failure_fraction":0.05,"response_headers":["Via"]}
1 < Allow: GET, HEAD, OPTIONS
1 < X-Frame-Options: DENY
1 < Vary: Cookie, Origin
1 < X-Content-Type-Options: nosniff
1 < Referrer-Policy: same-origin
1 < Cross-Origin-Opener-Policy: same-origin
1 < Via: 1.1 vegur
1 < CF-Cache-Status: DYNAMIC
1 < Server: cloudflare
1 < CF-RAY: 8a628951ea9d9fc1-SIN
{
    "Information": "Thank you for using Alpha Vantage! Our standard API rate limit is 25 requests per day. Please subscribe to any of the premium plans at https://www.alphavantage.co/premium/ to instantly remove all daily rate limits."
}

19:15:56.384 [main] DEBUG com.jayway.jsonpath.internal.path.CompiledPath - Evaluating path: $['Realtime Currency Exchange Rate']['1. From_Currency Code']
19:15:56.400 [main] ERROR com.intuit.karate - classpath:financial/features/forex-data.feature:13
And match response.['Realtime Currency Exchange Rate'].['1. From_Currency Code'] == 'USD'
match failed: EQUALS
  $ | actual path does not exist (STRING:STRING)
  '#notpresent'
  'USD'

classpath:financial/features/forex-data.feature:13
]]></system-out>
  </testcase>
  <testcase name="testAll[1][2]" classname="financial.FinancialTest" time="0.817">
    <failure message="match failed: CONTAINS&#10;  $ | actual path does not exist (STRING:STRING)&#10;  &apos;#notpresent&apos;&#10;  &apos;FX Intraday&apos;&#10;&#10;classpath:financial/features/forex-data.feature:24" type="org.opentest4j.AssertionFailedError">org.opentest4j.AssertionFailedError: 
match failed: CONTAINS
  $ | actual path does not exist (STRING:STRING)
  '#notpresent'
  'FX Intraday'

classpath:financial/features/forex-data.feature:24
</failure>
    <system-out><![CDATA[19:15:56.423 [main] INFO com.intuit.karate - karate.env system property was: null 
19:15:56.429 [main] DEBUG org.apache.http.client.protocol.RequestAddCookies - CookieSpec selected: karate
19:15:56.429 [main] DEBUG org.apache.http.client.protocol.RequestAuthCache - Auth cache not set in the context
19:15:56.430 [main] DEBUG com.intuit.karate - request:
1 > GET https://www.alphavantage.co/query?to_symbol=USD&apikey=BGU0HNT15US653BN&from_symbol=EUR&function=FX_INTRADAY&interval=15min
1 > Host: www.alphavantage.co
1 > Connection: Keep-Alive
1 > User-Agent: Apache-HttpClient/4.5.14 (Java/11.0.24)
1 > Accept-Encoding: gzip,deflate


19:15:56.430 [main] DEBUG org.apache.http.impl.conn.PoolingHttpClientConnectionManager - Connection request: [route: {s}->https://www.alphavantage.co:443][total available: 0; route allocated: 0 of 5; total allocated: 0 of 10]
19:15:56.430 [main] DEBUG org.apache.http.impl.conn.PoolingHttpClientConnectionManager - Connection leased: [id: 1][route: {s}->https://www.alphavantage.co:443][total available: 0; route allocated: 1 of 5; total allocated: 1 of 10]
19:15:56.430 [main] DEBUG org.apache.http.impl.execchain.MainClientExec - Opening connection {s}->https://www.alphavantage.co:443
19:15:56.430 [main] DEBUG org.apache.http.impl.conn.DefaultHttpClientConnectionOperator - Connecting to www.alphavantage.co/172.67.23.2:443
19:15:56.430 [main] DEBUG org.apache.http.conn.ssl.SSLConnectionSocketFactory - Connecting socket to www.alphavantage.co/172.67.23.2:443 with timeout 30000
19:15:56.435 [main] DEBUG org.apache.http.conn.ssl.SSLConnectionSocketFactory - Enabled protocols: [TLSv1.3, TLSv1.2]
19:15:56.436 [main] DEBUG org.apache.http.conn.ssl.SSLConnectionSocketFactory - Enabled cipher suites:[TLS_AES_256_GCM_SHA384, TLS_AES_128_GCM_SHA256, TLS_CHACHA20_POLY1305_SHA256, TLS_ECDHE_ECDSA_WITH_AES_256_GCM_SHA384, TLS_ECDHE_ECDSA_WITH_AES_128_GCM_SHA256, TLS_ECDHE_ECDSA_WITH_CHACHA20_POLY1305_SHA256, TLS_ECDHE_RSA_WITH_AES_256_GCM_SHA384, TLS_ECDHE_RSA_WITH_CHACHA20_POLY1305_SHA256, TLS_ECDHE_RSA_WITH_AES_128_GCM_SHA256, TLS_DHE_RSA_WITH_AES_256_GCM_SHA384, TLS_DHE_RSA_WITH_CHACHA20_POLY1305_SHA256, TLS_DHE_DSS_WITH_AES_256_GCM_SHA384, TLS_DHE_RSA_WITH_AES_128_GCM_SHA256, TLS_DHE_DSS_WITH_AES_128_GCM_SHA256, TLS_ECDHE_ECDSA_WITH_AES_256_CBC_SHA384, TLS_ECDHE_RSA_WITH_AES_256_CBC_SHA384, TLS_ECDHE_ECDSA_WITH_AES_128_CBC_SHA256, TLS_ECDHE_RSA_WITH_AES_128_CBC_SHA256, TLS_DHE_RSA_WITH_AES_256_CBC_SHA256, TLS_DHE_DSS_WITH_AES_256_CBC_SHA256, TLS_DHE_RSA_WITH_AES_128_CBC_SHA256, TLS_DHE_DSS_WITH_AES_128_CBC_SHA256, TLS_ECDH_ECDSA_WITH_AES_256_GCM_SHA384, TLS_ECDH_RSA_WITH_AES_256_GCM_SHA384, TLS_ECDH_ECDSA_WITH_AES_128_GCM_SHA256, TLS_ECDH_RSA_WITH_AES_128_GCM_SHA256, TLS_ECDH_ECDSA_WITH_AES_256_CBC_SHA384, TLS_ECDH_RSA_WITH_AES_256_CBC_SHA384, TLS_ECDH_ECDSA_WITH_AES_128_CBC_SHA256, TLS_ECDH_RSA_WITH_AES_128_CBC_SHA256, TLS_ECDHE_ECDSA_WITH_AES_256_CBC_SHA, TLS_ECDHE_RSA_WITH_AES_256_CBC_SHA, TLS_ECDHE_ECDSA_WITH_AES_128_CBC_SHA, TLS_ECDHE_RSA_WITH_AES_128_CBC_SHA, TLS_DHE_RSA_WITH_AES_256_CBC_SHA, TLS_DHE_DSS_WITH_AES_256_CBC_SHA, TLS_DHE_RSA_WITH_AES_128_CBC_SHA, TLS_DHE_DSS_WITH_AES_128_CBC_SHA, TLS_ECDH_ECDSA_WITH_AES_256_CBC_SHA, TLS_ECDH_RSA_WITH_AES_256_CBC_SHA, TLS_ECDH_ECDSA_WITH_AES_128_CBC_SHA, TLS_ECDH_RSA_WITH_AES_128_CBC_SHA, TLS_RSA_WITH_AES_256_GCM_SHA384, TLS_RSA_WITH_AES_128_GCM_SHA256, TLS_RSA_WITH_AES_256_CBC_SHA256, TLS_RSA_WITH_AES_128_CBC_SHA256, TLS_RSA_WITH_AES_256_CBC_SHA, TLS_RSA_WITH_AES_128_CBC_SHA, TLS_EMPTY_RENEGOTIATION_INFO_SCSV]
19:15:56.436 [main] DEBUG org.apache.http.conn.ssl.SSLConnectionSocketFactory - Starting handshake
19:15:56.451 [main] DEBUG org.apache.http.conn.ssl.SSLConnectionSocketFactory - Secure session established
19:15:56.451 [main] DEBUG org.apache.http.conn.ssl.SSLConnectionSocketFactory -  negotiated protocol: TLSv1.3
19:15:56.451 [main] DEBUG org.apache.http.conn.ssl.SSLConnectionSocketFactory -  negotiated cipher suite: TLS_AES_256_GCM_SHA384
19:15:56.451 [main] DEBUG org.apache.http.conn.ssl.SSLConnectionSocketFactory -  peer principal: CN=alphavantage.co
19:15:56.451 [main] DEBUG org.apache.http.conn.ssl.SSLConnectionSocketFactory -  peer alternative names: [alphavantage.co, *.alphavantage.co]
19:15:56.451 [main] DEBUG org.apache.http.conn.ssl.SSLConnectionSocketFactory -  issuer principal: CN=WE1, O=Google Trust Services, C=US
19:15:56.451 [main] DEBUG org.apache.http.impl.conn.DefaultHttpClientConnectionOperator - Connection established 192.168.1.227:64279<->172.67.23.2:443
19:15:56.451 [main] DEBUG org.apache.http.impl.conn.DefaultManagedHttpClientConnection - http-outgoing-1: set socket timeout to 30000
19:15:56.451 [main] DEBUG org.apache.http.impl.execchain.MainClientExec - Executing request GET /query?to_symbol=USD&apikey=BGU0HNT15US653BN&from_symbol=EUR&function=FX_INTRADAY&interval=15min HTTP/1.1
19:15:56.451 [main] DEBUG org.apache.http.impl.execchain.MainClientExec - Target auth state: UNCHALLENGED
19:15:56.451 [main] DEBUG org.apache.http.impl.execchain.MainClientExec - Proxy auth state: UNCHALLENGED
19:15:56.451 [main] DEBUG org.apache.http.headers - http-outgoing-1 >> GET /query?to_symbol=USD&apikey=BGU0HNT15US653BN&from_symbol=EUR&function=FX_INTRADAY&interval=15min HTTP/1.1
19:15:56.452 [main] DEBUG org.apache.http.headers - http-outgoing-1 >> Host: www.alphavantage.co
19:15:56.452 [main] DEBUG org.apache.http.headers - http-outgoing-1 >> Connection: Keep-Alive
19:15:56.452 [main] DEBUG org.apache.http.headers - http-outgoing-1 >> User-Agent: Apache-HttpClient/4.5.14 (Java/11.0.24)
19:15:56.452 [main] DEBUG org.apache.http.headers - http-outgoing-1 >> Accept-Encoding: gzip,deflate
19:15:56.452 [main] DEBUG org.apache.http.wire - http-outgoing-1 >> "GET /query?to_symbol=USD&apikey=BGU0HNT15US653BN&from_symbol=EUR&function=FX_INTRADAY&interval=15min HTTP/1.1[\r][\n]"
19:15:56.452 [main] DEBUG org.apache.http.wire - http-outgoing-1 >> "Host: www.alphavantage.co[\r][\n]"
19:15:56.452 [main] DEBUG org.apache.http.wire - http-outgoing-1 >> "Connection: Keep-Alive[\r][\n]"
19:15:56.452 [main] DEBUG org.apache.http.wire - http-outgoing-1 >> "User-Agent: Apache-HttpClient/4.5.14 (Java/11.0.24)[\r][\n]"
19:15:56.452 [main] DEBUG org.apache.http.wire - http-outgoing-1 >> "Accept-Encoding: gzip,deflate[\r][\n]"
19:15:56.452 [main] DEBUG org.apache.http.wire - http-outgoing-1 >> "[\r][\n]"
19:15:57.221 [main] DEBUG org.apache.http.wire - http-outgoing-1 << "HTTP/1.1 200 OK[\r][\n]"
19:15:57.221 [main] DEBUG org.apache.http.wire - http-outgoing-1 << "Date: Sat, 20 Jul 2024 11:16:00 GMT[\r][\n]"
19:15:57.221 [main] DEBUG org.apache.http.wire - http-outgoing-1 << "Content-Type: application/json[\r][\n]"
19:15:57.221 [main] DEBUG org.apache.http.wire - http-outgoing-1 << "Transfer-Encoding: chunked[\r][\n]"
19:15:57.222 [main] DEBUG org.apache.http.wire - http-outgoing-1 << "Connection: keep-alive[\r][\n]"
19:15:57.222 [main] DEBUG org.apache.http.wire - http-outgoing-1 << "Report-To: {"group":"heroku-nel","max_age":3600,"endpoints":[{"url":"https://nel.heroku.com/reports?ts=1721474159&sid=1b10b0ff-8a76-4548-befa-353fc6c6c045&s=ruK5YOslCq390EMckMj%2BtCUGGdbj3vmu3Z5ZocYzgE4%3D"}]}[\r][\n]"
19:15:57.222 [main] DEBUG org.apache.http.wire - http-outgoing-1 << "Reporting-Endpoints: heroku-nel=https://nel.heroku.com/reports?ts=1721474159&sid=1b10b0ff-8a76-4548-befa-353fc6c6c045&s=ruK5YOslCq390EMckMj%2BtCUGGdbj3vmu3Z5ZocYzgE4%3D[\r][\n]"
19:15:57.222 [main] DEBUG org.apache.http.wire - http-outgoing-1 << "Nel: {"report_to":"heroku-nel","max_age":3600,"success_fraction":0.005,"failure_fraction":0.05,"response_headers":["Via"]}[\r][\n]"
19:15:57.222 [main] DEBUG org.apache.http.wire - http-outgoing-1 << "Allow: GET, HEAD, OPTIONS[\r][\n]"
19:15:57.222 [main] DEBUG org.apache.http.wire - http-outgoing-1 << "X-Frame-Options: DENY[\r][\n]"
19:15:57.222 [main] DEBUG org.apache.http.wire - http-outgoing-1 << "Vary: Cookie, Origin[\r][\n]"
19:15:57.222 [main] DEBUG org.apache.http.wire - http-outgoing-1 << "X-Content-Type-Options: nosniff[\r][\n]"
19:15:57.222 [main] DEBUG org.apache.http.wire - http-outgoing-1 << "Referrer-Policy: same-origin[\r][\n]"
19:15:57.222 [main] DEBUG org.apache.http.wire - http-outgoing-1 << "Cross-Origin-Opener-Policy: same-origin[\r][\n]"
19:15:57.222 [main] DEBUG org.apache.http.wire - http-outgoing-1 << "Via: 1.1 vegur[\r][\n]"
19:15:57.222 [main] DEBUG org.apache.http.wire - http-outgoing-1 << "CF-Cache-Status: DYNAMIC[\r][\n]"
19:15:57.222 [main] DEBUG org.apache.http.wire - http-outgoing-1 << "Server: cloudflare[\r][\n]"
19:15:57.222 [main] DEBUG org.apache.http.wire - http-outgoing-1 << "CF-RAY: 8a628957ab184957-SIN[\r][\n]"
19:15:57.222 [main] DEBUG org.apache.http.wire - http-outgoing-1 << "Content-Encoding: gzip[\r][\n]"
19:15:57.222 [main] DEBUG org.apache.http.wire - http-outgoing-1 << "[\r][\n]"
19:15:57.222 [main] DEBUG org.apache.http.wire - http-outgoing-1 << "ae[\r][\n]"
19:15:57.222 [main] DEBUG org.apache.http.wire - http-outgoing-1 << "[0x1f][0x8b][0x8][0x0][0x0][0x0][0x0][0x0][0x0][0x3]d[0xcd][0xb1][0xe][0x82]@[0x10][0x84][0xe1][0x9e][0xa7][0x18]y[0x0][0xe8][0xe9],[0xed][0x89][0x89][0xe5][0x82][0x7]w[0xe1][0xd8][0xbd][0xb0]{[0x92][0x8b][0xf1][0xdd][\r][0xd1][0xd8][0xd8][0xcf]?[0xdf][0xb3][0x2][0x80][0xfa][0xc2][0x93]l+Y[0x10][0xae];[0xd4][0xbd]'^P$c[0x92][\r]Y[0x3][0xcf]8[0xc7][0xe4][0x9]Wb[0xa3][0xd9][0x9d][0xd0][0xfb][0xa0][0x8][\n]"
19:15:57.222 [main] DEBUG org.apache.http.wire - http-outgoing-1 << "B[0xda][0xdc][0x1a][0xf2][\n]"
19:15:57.222 [main] DEBUG org.apache.http.wire - http-outgoing-1 << "[0xc7][0xf7]$[0x81][0xad][0xc1]M2V*[0xd0]<[0xe8][0xb8][0x85][0xc1][0xc1][0x4][0xc4][0x5]2[0xc1][0xbc][0xfb][0x15])[0x12]+[0xc8][0xe0][0xcd][0x92]vm[0xbb][0xef]{C[0x87][0xf3][0xf8]0[0xcd]([0xed]w[0xdc][0x1e][0x1f][0x81][0xd5][0x88]-[0x16]d[0x8e]2.[0xa0][0x18][0xff]|[0xad][0xab][0xd7][0x1b][0x0][0x0][0xff][0xff][0x3][0x0]e?[0xc4][0xc4][0xd7][0x0][0x0][0x0][\r][\n]"
19:15:57.222 [main] DEBUG org.apache.http.headers - http-outgoing-1 << HTTP/1.1 200 OK
19:15:57.222 [main] DEBUG org.apache.http.headers - http-outgoing-1 << Date: Sat, 20 Jul 2024 11:16:00 GMT
19:15:57.222 [main] DEBUG org.apache.http.headers - http-outgoing-1 << Content-Type: application/json
19:15:57.222 [main] DEBUG org.apache.http.headers - http-outgoing-1 << Transfer-Encoding: chunked
19:15:57.222 [main] DEBUG org.apache.http.headers - http-outgoing-1 << Connection: keep-alive
19:15:57.222 [main] DEBUG org.apache.http.headers - http-outgoing-1 << Report-To: {"group":"heroku-nel","max_age":3600,"endpoints":[{"url":"https://nel.heroku.com/reports?ts=1721474159&sid=1b10b0ff-8a76-4548-befa-353fc6c6c045&s=ruK5YOslCq390EMckMj%2BtCUGGdbj3vmu3Z5ZocYzgE4%3D"}]}
19:15:57.222 [main] DEBUG org.apache.http.headers - http-outgoing-1 << Reporting-Endpoints: heroku-nel=https://nel.heroku.com/reports?ts=1721474159&sid=1b10b0ff-8a76-4548-befa-353fc6c6c045&s=ruK5YOslCq390EMckMj%2BtCUGGdbj3vmu3Z5ZocYzgE4%3D
19:15:57.222 [main] DEBUG org.apache.http.headers - http-outgoing-1 << Nel: {"report_to":"heroku-nel","max_age":3600,"success_fraction":0.005,"failure_fraction":0.05,"response_headers":["Via"]}
19:15:57.222 [main] DEBUG org.apache.http.headers - http-outgoing-1 << Allow: GET, HEAD, OPTIONS
19:15:57.222 [main] DEBUG org.apache.http.headers - http-outgoing-1 << X-Frame-Options: DENY
19:15:57.222 [main] DEBUG org.apache.http.headers - http-outgoing-1 << Vary: Cookie, Origin
19:15:57.222 [main] DEBUG org.apache.http.headers - http-outgoing-1 << X-Content-Type-Options: nosniff
19:15:57.222 [main] DEBUG org.apache.http.headers - http-outgoing-1 << Referrer-Policy: same-origin
19:15:57.222 [main] DEBUG org.apache.http.headers - http-outgoing-1 << Cross-Origin-Opener-Policy: same-origin
19:15:57.222 [main] DEBUG org.apache.http.headers - http-outgoing-1 << Via: 1.1 vegur
19:15:57.222 [main] DEBUG org.apache.http.headers - http-outgoing-1 << CF-Cache-Status: DYNAMIC
19:15:57.222 [main] DEBUG org.apache.http.headers - http-outgoing-1 << Server: cloudflare
19:15:57.222 [main] DEBUG org.apache.http.headers - http-outgoing-1 << CF-RAY: 8a628957ab184957-SIN
19:15:57.222 [main] DEBUG org.apache.http.headers - http-outgoing-1 << Content-Encoding: gzip
19:15:57.222 [main] DEBUG org.apache.http.impl.execchain.MainClientExec - Connection can be kept alive indefinitely
19:15:57.223 [main] DEBUG org.apache.http.impl.conn.DefaultManagedHttpClientConnection - http-outgoing-1: Close connection
19:15:57.223 [main] DEBUG org.apache.http.impl.execchain.MainClientExec - Connection discarded
19:15:57.223 [main] DEBUG org.apache.http.impl.conn.PoolingHttpClientConnectionManager - Connection released: [id: 1][route: {s}->https://www.alphavantage.co:443][total available: 0; route allocated: 0 of 5; total allocated: 0 of 10]
19:15:57.223 [main] DEBUG org.apache.http.impl.conn.PoolingHttpClientConnectionManager - Connection manager is shutting down
19:15:57.223 [main] DEBUG org.apache.http.impl.conn.PoolingHttpClientConnectionManager - Connection manager shut down
19:15:57.223 [main] DEBUG com.intuit.karate - response time in milliseconds: 793
1 < 200
1 < Date: Sat, 20 Jul 2024 11:16:00 GMT
1 < Content-Type: application/json
1 < Transfer-Encoding: chunked
1 < Connection: keep-alive
1 < Report-To: {"group":"heroku-nel","max_age":3600,"endpoints":[{"url":"https://nel.heroku.com/reports?ts=1721474159&sid=1b10b0ff-8a76-4548-befa-353fc6c6c045&s=ruK5YOslCq390EMckMj%2BtCUGGdbj3vmu3Z5ZocYzgE4%3D"}]}
1 < Reporting-Endpoints: heroku-nel=https://nel.heroku.com/reports?ts=1721474159&sid=1b10b0ff-8a76-4548-befa-353fc6c6c045&s=ruK5YOslCq390EMckMj%2BtCUGGdbj3vmu3Z5ZocYzgE4%3D
1 < Nel: {"report_to":"heroku-nel","max_age":3600,"success_fraction":0.005,"failure_fraction":0.05,"response_headers":["Via"]}
1 < Allow: GET, HEAD, OPTIONS
1 < X-Frame-Options: DENY
1 < Vary: Cookie, Origin
1 < X-Content-Type-Options: nosniff
1 < Referrer-Policy: same-origin
1 < Cross-Origin-Opener-Policy: same-origin
1 < Via: 1.1 vegur
1 < CF-Cache-Status: DYNAMIC
1 < Server: cloudflare
1 < CF-RAY: 8a628957ab184957-SIN
{
    "Information": "Thank you for using Alpha Vantage! This is a premium endpoint. You may subscribe to any of the premium plans at https://www.alphavantage.co/premium/ to instantly unlock all premium endpoints"
}

19:15:57.225 [main] DEBUG com.jayway.jsonpath.internal.path.CompiledPath - Evaluating path: $['Meta Data']['1. Information']
19:15:57.225 [main] ERROR com.intuit.karate - classpath:financial/features/forex-data.feature:24
And match response.['Meta Data'].['1. Information'] contains 'FX Intraday'
match failed: CONTAINS
  $ | actual path does not exist (STRING:STRING)
  '#notpresent'
  'FX Intraday'

classpath:financial/features/forex-data.feature:24
]]></system-out>
  </testcase>
  <testcase name="testAll[1][3]" classname="financial.FinancialTest" time="0.317">
    <failure message="match failed: CONTAINS&#10;  $ | actual path does not exist (STRING:STRING)&#10;  &apos;#notpresent&apos;&#10;  &apos;FX Intraday&apos;&#10;&#10;classpath:financial/features/forex-data.feature:24" type="org.opentest4j.AssertionFailedError">org.opentest4j.AssertionFailedError: 
match failed: CONTAINS
  $ | actual path does not exist (STRING:STRING)
  '#notpresent'
  'FX Intraday'

classpath:financial/features/forex-data.feature:24
</failure>
    <system-out><![CDATA[19:15:57.234 [main] INFO com.intuit.karate - karate.env system property was: null 
19:15:57.240 [main] DEBUG org.apache.http.client.protocol.RequestAddCookies - CookieSpec selected: karate
19:15:57.240 [main] DEBUG org.apache.http.client.protocol.RequestAuthCache - Auth cache not set in the context
19:15:57.240 [main] DEBUG com.intuit.karate - request:
1 > GET https://www.alphavantage.co/query?to_symbol=JPY&apikey=BGU0HNT15US653BN&from_symbol=GBP&function=FX_INTRADAY&interval=15min
1 > Host: www.alphavantage.co
1 > Connection: Keep-Alive
1 > User-Agent: Apache-HttpClient/4.5.14 (Java/11.0.24)
1 > Accept-Encoding: gzip,deflate


19:15:57.240 [main] DEBUG org.apache.http.impl.conn.PoolingHttpClientConnectionManager - Connection request: [route: {s}->https://www.alphavantage.co:443][total available: 0; route allocated: 0 of 5; total allocated: 0 of 10]
19:15:57.241 [main] DEBUG org.apache.http.impl.conn.PoolingHttpClientConnectionManager - Connection leased: [id: 2][route: {s}->https://www.alphavantage.co:443][total available: 0; route allocated: 1 of 5; total allocated: 1 of 10]
19:15:57.241 [main] DEBUG org.apache.http.impl.execchain.MainClientExec - Opening connection {s}->https://www.alphavantage.co:443
19:15:57.241 [main] DEBUG org.apache.http.impl.conn.DefaultHttpClientConnectionOperator - Connecting to www.alphavantage.co/172.67.23.2:443
19:15:57.241 [main] DEBUG org.apache.http.conn.ssl.SSLConnectionSocketFactory - Connecting socket to www.alphavantage.co/172.67.23.2:443 with timeout 30000
19:15:57.246 [main] DEBUG org.apache.http.conn.ssl.SSLConnectionSocketFactory - Enabled protocols: [TLSv1.3, TLSv1.2]
19:15:57.246 [main] DEBUG org.apache.http.conn.ssl.SSLConnectionSocketFactory - Enabled cipher suites:[TLS_AES_256_GCM_SHA384, TLS_AES_128_GCM_SHA256, TLS_CHACHA20_POLY1305_SHA256, TLS_ECDHE_ECDSA_WITH_AES_256_GCM_SHA384, TLS_ECDHE_ECDSA_WITH_AES_128_GCM_SHA256, TLS_ECDHE_ECDSA_WITH_CHACHA20_POLY1305_SHA256, TLS_ECDHE_RSA_WITH_AES_256_GCM_SHA384, TLS_ECDHE_RSA_WITH_CHACHA20_POLY1305_SHA256, TLS_ECDHE_RSA_WITH_AES_128_GCM_SHA256, TLS_DHE_RSA_WITH_AES_256_GCM_SHA384, TLS_DHE_RSA_WITH_CHACHA20_POLY1305_SHA256, TLS_DHE_DSS_WITH_AES_256_GCM_SHA384, TLS_DHE_RSA_WITH_AES_128_GCM_SHA256, TLS_DHE_DSS_WITH_AES_128_GCM_SHA256, TLS_ECDHE_ECDSA_WITH_AES_256_CBC_SHA384, TLS_ECDHE_RSA_WITH_AES_256_CBC_SHA384, TLS_ECDHE_ECDSA_WITH_AES_128_CBC_SHA256, TLS_ECDHE_RSA_WITH_AES_128_CBC_SHA256, TLS_DHE_RSA_WITH_AES_256_CBC_SHA256, TLS_DHE_DSS_WITH_AES_256_CBC_SHA256, TLS_DHE_RSA_WITH_AES_128_CBC_SHA256, TLS_DHE_DSS_WITH_AES_128_CBC_SHA256, TLS_ECDH_ECDSA_WITH_AES_256_GCM_SHA384, TLS_ECDH_RSA_WITH_AES_256_GCM_SHA384, TLS_ECDH_ECDSA_WITH_AES_128_GCM_SHA256, TLS_ECDH_RSA_WITH_AES_128_GCM_SHA256, TLS_ECDH_ECDSA_WITH_AES_256_CBC_SHA384, TLS_ECDH_RSA_WITH_AES_256_CBC_SHA384, TLS_ECDH_ECDSA_WITH_AES_128_CBC_SHA256, TLS_ECDH_RSA_WITH_AES_128_CBC_SHA256, TLS_ECDHE_ECDSA_WITH_AES_256_CBC_SHA, TLS_ECDHE_RSA_WITH_AES_256_CBC_SHA, TLS_ECDHE_ECDSA_WITH_AES_128_CBC_SHA, TLS_ECDHE_RSA_WITH_AES_128_CBC_SHA, TLS_DHE_RSA_WITH_AES_256_CBC_SHA, TLS_DHE_DSS_WITH_AES_256_CBC_SHA, TLS_DHE_RSA_WITH_AES_128_CBC_SHA, TLS_DHE_DSS_WITH_AES_128_CBC_SHA, TLS_ECDH_ECDSA_WITH_AES_256_CBC_SHA, TLS_ECDH_RSA_WITH_AES_256_CBC_SHA, TLS_ECDH_ECDSA_WITH_AES_128_CBC_SHA, TLS_ECDH_RSA_WITH_AES_128_CBC_SHA, TLS_RSA_WITH_AES_256_GCM_SHA384, TLS_RSA_WITH_AES_128_GCM_SHA256, TLS_RSA_WITH_AES_256_CBC_SHA256, TLS_RSA_WITH_AES_128_CBC_SHA256, TLS_RSA_WITH_AES_256_CBC_SHA, TLS_RSA_WITH_AES_128_CBC_SHA, TLS_EMPTY_RENEGOTIATION_INFO_SCSV]
19:15:57.246 [main] DEBUG org.apache.http.conn.ssl.SSLConnectionSocketFactory - Starting handshake
19:15:57.260 [main] DEBUG org.apache.http.conn.ssl.SSLConnectionSocketFactory - Secure session established
19:15:57.260 [main] DEBUG org.apache.http.conn.ssl.SSLConnectionSocketFactory -  negotiated protocol: TLSv1.3
19:15:57.260 [main] DEBUG org.apache.http.conn.ssl.SSLConnectionSocketFactory -  negotiated cipher suite: TLS_AES_256_GCM_SHA384
19:15:57.260 [main] DEBUG org.apache.http.conn.ssl.SSLConnectionSocketFactory -  peer principal: CN=alphavantage.co
19:15:57.260 [main] DEBUG org.apache.http.conn.ssl.SSLConnectionSocketFactory -  peer alternative names: [alphavantage.co, *.alphavantage.co]
19:15:57.260 [main] DEBUG org.apache.http.conn.ssl.SSLConnectionSocketFactory -  issuer principal: CN=WE1, O=Google Trust Services, C=US
19:15:57.261 [main] DEBUG org.apache.http.impl.conn.DefaultHttpClientConnectionOperator - Connection established 192.168.1.227:64280<->172.67.23.2:443
19:15:57.261 [main] DEBUG org.apache.http.impl.conn.DefaultManagedHttpClientConnection - http-outgoing-2: set socket timeout to 30000
19:15:57.261 [main] DEBUG org.apache.http.impl.execchain.MainClientExec - Executing request GET /query?to_symbol=JPY&apikey=BGU0HNT15US653BN&from_symbol=GBP&function=FX_INTRADAY&interval=15min HTTP/1.1
19:15:57.261 [main] DEBUG org.apache.http.impl.execchain.MainClientExec - Target auth state: UNCHALLENGED
19:15:57.261 [main] DEBUG org.apache.http.impl.execchain.MainClientExec - Proxy auth state: UNCHALLENGED
19:15:57.261 [main] DEBUG org.apache.http.headers - http-outgoing-2 >> GET /query?to_symbol=JPY&apikey=BGU0HNT15US653BN&from_symbol=GBP&function=FX_INTRADAY&interval=15min HTTP/1.1
19:15:57.261 [main] DEBUG org.apache.http.headers - http-outgoing-2 >> Host: www.alphavantage.co
19:15:57.261 [main] DEBUG org.apache.http.headers - http-outgoing-2 >> Connection: Keep-Alive
19:15:57.261 [main] DEBUG org.apache.http.headers - http-outgoing-2 >> User-Agent: Apache-HttpClient/4.5.14 (Java/11.0.24)
19:15:57.261 [main] DEBUG org.apache.http.headers - http-outgoing-2 >> Accept-Encoding: gzip,deflate
19:15:57.261 [main] DEBUG org.apache.http.wire - http-outgoing-2 >> "GET /query?to_symbol=JPY&apikey=BGU0HNT15US653BN&from_symbol=GBP&function=FX_INTRADAY&interval=15min HTTP/1.1[\r][\n]"
19:15:57.261 [main] DEBUG org.apache.http.wire - http-outgoing-2 >> "Host: www.alphavantage.co[\r][\n]"
19:15:57.261 [main] DEBUG org.apache.http.wire - http-outgoing-2 >> "Connection: Keep-Alive[\r][\n]"
19:15:57.261 [main] DEBUG org.apache.http.wire - http-outgoing-2 >> "User-Agent: Apache-HttpClient/4.5.14 (Java/11.0.24)[\r][\n]"
19:15:57.261 [main] DEBUG org.apache.http.wire - http-outgoing-2 >> "Accept-Encoding: gzip,deflate[\r][\n]"
19:15:57.261 [main] DEBUG org.apache.http.wire - http-outgoing-2 >> "[\r][\n]"
19:15:57.540 [main] DEBUG org.apache.http.wire - http-outgoing-2 << "HTTP/1.1 200 OK[\r][\n]"
19:15:57.540 [main] DEBUG org.apache.http.wire - http-outgoing-2 << "Date: Sat, 20 Jul 2024 11:16:00 GMT[\r][\n]"
19:15:57.540 [main] DEBUG org.apache.http.wire - http-outgoing-2 << "Content-Type: application/json[\r][\n]"
19:15:57.540 [main] DEBUG org.apache.http.wire - http-outgoing-2 << "Transfer-Encoding: chunked[\r][\n]"
19:15:57.540 [main] DEBUG org.apache.http.wire - http-outgoing-2 << "Connection: keep-alive[\r][\n]"
19:15:57.540 [main] DEBUG org.apache.http.wire - http-outgoing-2 << "Report-To: {"group":"heroku-nel","max_age":3600,"endpoints":[{"url":"https://nel.heroku.com/reports?ts=1721474160&sid=1b10b0ff-8a76-4548-befa-353fc6c6c045&s=s5PtPY%2FZlW4B9SlFCTnaSg0F1J9Mt4JIioW06Wo9AUo%3D"}]}[\r][\n]"
19:15:57.540 [main] DEBUG org.apache.http.wire - http-outgoing-2 << "Reporting-Endpoints: heroku-nel=https://nel.heroku.com/reports?ts=1721474160&sid=1b10b0ff-8a76-4548-befa-353fc6c6c045&s=s5PtPY%2FZlW4B9SlFCTnaSg0F1J9Mt4JIioW06Wo9AUo%3D[\r][\n]"
19:15:57.540 [main] DEBUG org.apache.http.wire - http-outgoing-2 << "Nel: {"report_to":"heroku-nel","max_age":3600,"success_fraction":0.005,"failure_fraction":0.05,"response_headers":["Via"]}[\r][\n]"
19:15:57.540 [main] DEBUG org.apache.http.wire - http-outgoing-2 << "Allow: GET, HEAD, OPTIONS[\r][\n]"
19:15:57.540 [main] DEBUG org.apache.http.wire - http-outgoing-2 << "X-Frame-Options: DENY[\r][\n]"
19:15:57.540 [main] DEBUG org.apache.http.wire - http-outgoing-2 << "Vary: Cookie, Origin[\r][\n]"
19:15:57.540 [main] DEBUG org.apache.http.wire - http-outgoing-2 << "X-Content-Type-Options: nosniff[\r][\n]"
19:15:57.540 [main] DEBUG org.apache.http.wire - http-outgoing-2 << "Referrer-Policy: same-origin[\r][\n]"
19:15:57.540 [main] DEBUG org.apache.http.wire - http-outgoing-2 << "Cross-Origin-Opener-Policy: same-origin[\r][\n]"
19:15:57.540 [main] DEBUG org.apache.http.wire - http-outgoing-2 << "Via: 1.1 vegur[\r][\n]"
19:15:57.540 [main] DEBUG org.apache.http.wire - http-outgoing-2 << "CF-Cache-Status: DYNAMIC[\r][\n]"
19:15:57.540 [main] DEBUG org.apache.http.wire - http-outgoing-2 << "Server: cloudflare[\r][\n]"
19:15:57.540 [main] DEBUG org.apache.http.wire - http-outgoing-2 << "CF-RAY: 8a62895cbd7c89bf-SIN[\r][\n]"
19:15:57.540 [main] DEBUG org.apache.http.wire - http-outgoing-2 << "Content-Encoding: gzip[\r][\n]"
19:15:57.540 [main] DEBUG org.apache.http.wire - http-outgoing-2 << "[\r][\n]"
19:15:57.540 [main] DEBUG org.apache.http.wire - http-outgoing-2 << "ae[\r][\n]"
19:15:57.540 [main] DEBUG org.apache.http.wire - http-outgoing-2 << "[0x1f][0x8b][0x8][0x0][0x0][0x0][0x0][0x0][0x0][0x3]d[0xcd][0xb1][0xe][0x82]@[0x10][0x84][0xe1][0x9e][0xa7][0x18]y[0x0][0xe8][0xe9],[0xed][0x89][0x89][0xe5][0x82][0x7]w[0xe1][0xd8][0xbd][0xb0]{[0x92][0x8b][0xf1][0xdd][\r][0xd1][0xd8][0xd8][0xcf]?[0xdf][0xb3][0x2][0x80][0xfa][0xc2][0x93]l+Y[0x10][0xae];[0xd4][0xbd]'^P$c[0x92][\r]Y[0x3][0xcf]8[0xc7][0xe4][0x9]Wb[0xa3][0xd9][0x9d][0xd0][0xfb][0xa0][0x8][\n]"
19:15:57.540 [main] DEBUG org.apache.http.wire - http-outgoing-2 << "B[0xda][0xdc][0x1a][0xf2][\n]"
19:15:57.540 [main] DEBUG org.apache.http.wire - http-outgoing-2 << "[0xc7][0xf7]$[0x81][0xad][0xc1]M2V*[0xd0]<[0xe8][0xb8][0x85][0xc1][0xc1][0x4][0xc4][0x5]2[0xc1][0xbc][0xfb][0x15])[0x12]+[0xc8][0xe0][0xcd][0x92]vm[0xbb][0xef]{C[0x87][0xf3][0xf8]0[0xcd]([0xed]w[0xdc][0x1e][0x1f][0x81][0xd5][0x88]-[0x16]d[0x8e]2.[0xa0][0x18][0xff]|[0xad][0xab][0xd7][0x1b][0x0][0x0][0xff][0xff][0x3][0x0]e?[0xc4][0xc4][0xd7][0x0][0x0][0x0][\r][\n]"
19:15:57.540 [main] DEBUG org.apache.http.headers - http-outgoing-2 << HTTP/1.1 200 OK
19:15:57.540 [main] DEBUG org.apache.http.headers - http-outgoing-2 << Date: Sat, 20 Jul 2024 11:16:00 GMT
19:15:57.540 [main] DEBUG org.apache.http.headers - http-outgoing-2 << Content-Type: application/json
19:15:57.540 [main] DEBUG org.apache.http.headers - http-outgoing-2 << Transfer-Encoding: chunked
19:15:57.540 [main] DEBUG org.apache.http.headers - http-outgoing-2 << Connection: keep-alive
19:15:57.540 [main] DEBUG org.apache.http.headers - http-outgoing-2 << Report-To: {"group":"heroku-nel","max_age":3600,"endpoints":[{"url":"https://nel.heroku.com/reports?ts=1721474160&sid=1b10b0ff-8a76-4548-befa-353fc6c6c045&s=s5PtPY%2FZlW4B9SlFCTnaSg0F1J9Mt4JIioW06Wo9AUo%3D"}]}
19:15:57.540 [main] DEBUG org.apache.http.headers - http-outgoing-2 << Reporting-Endpoints: heroku-nel=https://nel.heroku.com/reports?ts=1721474160&sid=1b10b0ff-8a76-4548-befa-353fc6c6c045&s=s5PtPY%2FZlW4B9SlFCTnaSg0F1J9Mt4JIioW06Wo9AUo%3D
19:15:57.540 [main] DEBUG org.apache.http.headers - http-outgoing-2 << Nel: {"report_to":"heroku-nel","max_age":3600,"success_fraction":0.005,"failure_fraction":0.05,"response_headers":["Via"]}
19:15:57.540 [main] DEBUG org.apache.http.headers - http-outgoing-2 << Allow: GET, HEAD, OPTIONS
19:15:57.540 [main] DEBUG org.apache.http.headers - http-outgoing-2 << X-Frame-Options: DENY
19:15:57.540 [main] DEBUG org.apache.http.headers - http-outgoing-2 << Vary: Cookie, Origin
19:15:57.540 [main] DEBUG org.apache.http.headers - http-outgoing-2 << X-Content-Type-Options: nosniff
19:15:57.540 [main] DEBUG org.apache.http.headers - http-outgoing-2 << Referrer-Policy: same-origin
19:15:57.540 [main] DEBUG org.apache.http.headers - http-outgoing-2 << Cross-Origin-Opener-Policy: same-origin
19:15:57.540 [main] DEBUG org.apache.http.headers - http-outgoing-2 << Via: 1.1 vegur
19:15:57.540 [main] DEBUG org.apache.http.headers - http-outgoing-2 << CF-Cache-Status: DYNAMIC
19:15:57.540 [main] DEBUG org.apache.http.headers - http-outgoing-2 << Server: cloudflare
19:15:57.540 [main] DEBUG org.apache.http.headers - http-outgoing-2 << CF-RAY: 8a62895cbd7c89bf-SIN
19:15:57.541 [main] DEBUG org.apache.http.headers - http-outgoing-2 << Content-Encoding: gzip
19:15:57.541 [main] DEBUG org.apache.http.impl.execchain.MainClientExec - Connection can be kept alive indefinitely
19:15:57.541 [main] DEBUG org.apache.http.impl.conn.DefaultManagedHttpClientConnection - http-outgoing-2: Close connection
19:15:57.541 [main] DEBUG org.apache.http.impl.execchain.MainClientExec - Connection discarded
19:15:57.541 [main] DEBUG org.apache.http.impl.conn.PoolingHttpClientConnectionManager - Connection released: [id: 2][route: {s}->https://www.alphavantage.co:443][total available: 0; route allocated: 0 of 5; total allocated: 0 of 10]
19:15:57.541 [main] DEBUG org.apache.http.impl.conn.PoolingHttpClientConnectionManager - Connection manager is shutting down
19:15:57.541 [main] DEBUG org.apache.http.impl.conn.PoolingHttpClientConnectionManager - Connection manager shut down
19:15:57.541 [main] DEBUG com.intuit.karate - response time in milliseconds: 301
1 < 200
1 < Date: Sat, 20 Jul 2024 11:16:00 GMT
1 < Content-Type: application/json
1 < Transfer-Encoding: chunked
1 < Connection: keep-alive
1 < Report-To: {"group":"heroku-nel","max_age":3600,"endpoints":[{"url":"https://nel.heroku.com/reports?ts=1721474160&sid=1b10b0ff-8a76-4548-befa-353fc6c6c045&s=s5PtPY%2FZlW4B9SlFCTnaSg0F1J9Mt4JIioW06Wo9AUo%3D"}]}
1 < Reporting-Endpoints: heroku-nel=https://nel.heroku.com/reports?ts=1721474160&sid=1b10b0ff-8a76-4548-befa-353fc6c6c045&s=s5PtPY%2FZlW4B9SlFCTnaSg0F1J9Mt4JIioW06Wo9AUo%3D
1 < Nel: {"report_to":"heroku-nel","max_age":3600,"success_fraction":0.005,"failure_fraction":0.05,"response_headers":["Via"]}
1 < Allow: GET, HEAD, OPTIONS
1 < X-Frame-Options: DENY
1 < Vary: Cookie, Origin
1 < X-Content-Type-Options: nosniff
1 < Referrer-Policy: same-origin
1 < Cross-Origin-Opener-Policy: same-origin
1 < Via: 1.1 vegur
1 < CF-Cache-Status: DYNAMIC
1 < Server: cloudflare
1 < CF-RAY: 8a62895cbd7c89bf-SIN
{
    "Information": "Thank you for using Alpha Vantage! This is a premium endpoint. You may subscribe to any of the premium plans at https://www.alphavantage.co/premium/ to instantly unlock all premium endpoints"
}

19:15:57.543 [main] DEBUG com.jayway.jsonpath.internal.path.CompiledPath - Evaluating path: $['Meta Data']['1. Information']
19:15:57.543 [main] ERROR com.intuit.karate - classpath:financial/features/forex-data.feature:24
And match response.['Meta Data'].['1. Information'] contains 'FX Intraday'
match failed: CONTAINS
  $ | actual path does not exist (STRING:STRING)
  '#notpresent'
  'FX Intraday'

classpath:financial/features/forex-data.feature:24
]]></system-out>
  </testcase>
  <testcase name="testAll[1][4]" classname="financial.FinancialTest" time="2.77">
    <failure message="match failed: EQUALS&#10;&#10;classpath:financial/features/forex-data.feature:40" type="org.opentest4j.AssertionFailedError">org.opentest4j.AssertionFailedError: 
match failed: EQUALS

classpath:financial/features/forex-data.feature:40
</failure>
    <system-out><![CDATA[19:15:57.550 [main] INFO com.intuit.karate - karate.env system property was: null 
19:15:57.555 [main] DEBUG org.apache.http.client.protocol.RequestAddCookies - CookieSpec selected: karate
19:15:57.555 [main] DEBUG org.apache.http.client.protocol.RequestAuthCache - Auth cache not set in the context
19:15:57.555 [main] DEBUG com.intuit.karate - request:
1 > GET https://www.alphavantage.co/query?apikey=BGU0HNT15US653BN&from_currency=USD&function=CURRENCY_EXCHANGE_RATE&to_currency=INVALID
1 > Host: www.alphavantage.co
1 > Connection: Keep-Alive
1 > User-Agent: Apache-HttpClient/4.5.14 (Java/11.0.24)
1 > Accept-Encoding: gzip,deflate


19:15:57.555 [main] DEBUG org.apache.http.impl.conn.PoolingHttpClientConnectionManager - Connection request: [route: {s}->https://www.alphavantage.co:443][total available: 0; route allocated: 0 of 5; total allocated: 0 of 10]
19:15:57.555 [main] DEBUG org.apache.http.impl.conn.PoolingHttpClientConnectionManager - Connection leased: [id: 3][route: {s}->https://www.alphavantage.co:443][total available: 0; route allocated: 1 of 5; total allocated: 1 of 10]
19:15:57.555 [main] DEBUG org.apache.http.impl.execchain.MainClientExec - Opening connection {s}->https://www.alphavantage.co:443
19:15:57.555 [main] DEBUG org.apache.http.impl.conn.DefaultHttpClientConnectionOperator - Connecting to www.alphavantage.co/172.67.23.2:443
19:15:57.555 [main] DEBUG org.apache.http.conn.ssl.SSLConnectionSocketFactory - Connecting socket to www.alphavantage.co/172.67.23.2:443 with timeout 30000
19:15:57.561 [main] DEBUG org.apache.http.conn.ssl.SSLConnectionSocketFactory - Enabled protocols: [TLSv1.3, TLSv1.2]
19:15:57.561 [main] DEBUG org.apache.http.conn.ssl.SSLConnectionSocketFactory - Enabled cipher suites:[TLS_AES_256_GCM_SHA384, TLS_AES_128_GCM_SHA256, TLS_CHACHA20_POLY1305_SHA256, TLS_ECDHE_ECDSA_WITH_AES_256_GCM_SHA384, TLS_ECDHE_ECDSA_WITH_AES_128_GCM_SHA256, TLS_ECDHE_ECDSA_WITH_CHACHA20_POLY1305_SHA256, TLS_ECDHE_RSA_WITH_AES_256_GCM_SHA384, TLS_ECDHE_RSA_WITH_CHACHA20_POLY1305_SHA256, TLS_ECDHE_RSA_WITH_AES_128_GCM_SHA256, TLS_DHE_RSA_WITH_AES_256_GCM_SHA384, TLS_DHE_RSA_WITH_CHACHA20_POLY1305_SHA256, TLS_DHE_DSS_WITH_AES_256_GCM_SHA384, TLS_DHE_RSA_WITH_AES_128_GCM_SHA256, TLS_DHE_DSS_WITH_AES_128_GCM_SHA256, TLS_ECDHE_ECDSA_WITH_AES_256_CBC_SHA384, TLS_ECDHE_RSA_WITH_AES_256_CBC_SHA384, TLS_ECDHE_ECDSA_WITH_AES_128_CBC_SHA256, TLS_ECDHE_RSA_WITH_AES_128_CBC_SHA256, TLS_DHE_RSA_WITH_AES_256_CBC_SHA256, TLS_DHE_DSS_WITH_AES_256_CBC_SHA256, TLS_DHE_RSA_WITH_AES_128_CBC_SHA256, TLS_DHE_DSS_WITH_AES_128_CBC_SHA256, TLS_ECDH_ECDSA_WITH_AES_256_GCM_SHA384, TLS_ECDH_RSA_WITH_AES_256_GCM_SHA384, TLS_ECDH_ECDSA_WITH_AES_128_GCM_SHA256, TLS_ECDH_RSA_WITH_AES_128_GCM_SHA256, TLS_ECDH_ECDSA_WITH_AES_256_CBC_SHA384, TLS_ECDH_RSA_WITH_AES_256_CBC_SHA384, TLS_ECDH_ECDSA_WITH_AES_128_CBC_SHA256, TLS_ECDH_RSA_WITH_AES_128_CBC_SHA256, TLS_ECDHE_ECDSA_WITH_AES_256_CBC_SHA, TLS_ECDHE_RSA_WITH_AES_256_CBC_SHA, TLS_ECDHE_ECDSA_WITH_AES_128_CBC_SHA, TLS_ECDHE_RSA_WITH_AES_128_CBC_SHA, TLS_DHE_RSA_WITH_AES_256_CBC_SHA, TLS_DHE_DSS_WITH_AES_256_CBC_SHA, TLS_DHE_RSA_WITH_AES_128_CBC_SHA, TLS_DHE_DSS_WITH_AES_128_CBC_SHA, TLS_ECDH_ECDSA_WITH_AES_256_CBC_SHA, TLS_ECDH_RSA_WITH_AES_256_CBC_SHA, TLS_ECDH_ECDSA_WITH_AES_128_CBC_SHA, TLS_ECDH_RSA_WITH_AES_128_CBC_SHA, TLS_RSA_WITH_AES_256_GCM_SHA384, TLS_RSA_WITH_AES_128_GCM_SHA256, TLS_RSA_WITH_AES_256_CBC_SHA256, TLS_RSA_WITH_AES_128_CBC_SHA256, TLS_RSA_WITH_AES_256_CBC_SHA, TLS_RSA_WITH_AES_128_CBC_SHA, TLS_EMPTY_RENEGOTIATION_INFO_SCSV]
19:15:57.561 [main] DEBUG org.apache.http.conn.ssl.SSLConnectionSocketFactory - Starting handshake
19:15:57.575 [main] DEBUG org.apache.http.conn.ssl.SSLConnectionSocketFactory - Secure session established
19:15:57.575 [main] DEBUG org.apache.http.conn.ssl.SSLConnectionSocketFactory -  negotiated protocol: TLSv1.3
19:15:57.575 [main] DEBUG org.apache.http.conn.ssl.SSLConnectionSocketFactory -  negotiated cipher suite: TLS_AES_256_GCM_SHA384
19:15:57.575 [main] DEBUG org.apache.http.conn.ssl.SSLConnectionSocketFactory -  peer principal: CN=alphavantage.co
19:15:57.575 [main] DEBUG org.apache.http.conn.ssl.SSLConnectionSocketFactory -  peer alternative names: [alphavantage.co, *.alphavantage.co]
19:15:57.575 [main] DEBUG org.apache.http.conn.ssl.SSLConnectionSocketFactory -  issuer principal: CN=WE1, O=Google Trust Services, C=US
19:15:57.575 [main] DEBUG org.apache.http.impl.conn.DefaultHttpClientConnectionOperator - Connection established 192.168.1.227:64281<->172.67.23.2:443
19:15:57.575 [main] DEBUG org.apache.http.impl.conn.DefaultManagedHttpClientConnection - http-outgoing-3: set socket timeout to 30000
19:15:57.575 [main] DEBUG org.apache.http.impl.execchain.MainClientExec - Executing request GET /query?apikey=BGU0HNT15US653BN&from_currency=USD&function=CURRENCY_EXCHANGE_RATE&to_currency=INVALID HTTP/1.1
19:15:57.575 [main] DEBUG org.apache.http.impl.execchain.MainClientExec - Target auth state: UNCHALLENGED
19:15:57.575 [main] DEBUG org.apache.http.impl.execchain.MainClientExec - Proxy auth state: UNCHALLENGED
19:15:57.575 [main] DEBUG org.apache.http.headers - http-outgoing-3 >> GET /query?apikey=BGU0HNT15US653BN&from_currency=USD&function=CURRENCY_EXCHANGE_RATE&to_currency=INVALID HTTP/1.1
19:15:57.575 [main] DEBUG org.apache.http.headers - http-outgoing-3 >> Host: www.alphavantage.co
19:15:57.575 [main] DEBUG org.apache.http.headers - http-outgoing-3 >> Connection: Keep-Alive
19:15:57.575 [main] DEBUG org.apache.http.headers - http-outgoing-3 >> User-Agent: Apache-HttpClient/4.5.14 (Java/11.0.24)
19:15:57.575 [main] DEBUG org.apache.http.headers - http-outgoing-3 >> Accept-Encoding: gzip,deflate
19:15:57.575 [main] DEBUG org.apache.http.wire - http-outgoing-3 >> "GET /query?apikey=BGU0HNT15US653BN&from_currency=USD&function=CURRENCY_EXCHANGE_RATE&to_currency=INVALID HTTP/1.1[\r][\n]"
19:15:57.575 [main] DEBUG org.apache.http.wire - http-outgoing-3 >> "Host: www.alphavantage.co[\r][\n]"
19:15:57.575 [main] DEBUG org.apache.http.wire - http-outgoing-3 >> "Connection: Keep-Alive[\r][\n]"
19:15:57.575 [main] DEBUG org.apache.http.wire - http-outgoing-3 >> "User-Agent: Apache-HttpClient/4.5.14 (Java/11.0.24)[\r][\n]"
19:15:57.575 [main] DEBUG org.apache.http.wire - http-outgoing-3 >> "Accept-Encoding: gzip,deflate[\r][\n]"
19:15:57.575 [main] DEBUG org.apache.http.wire - http-outgoing-3 >> "[\r][\n]"
19:15:59.785 [main] DEBUG org.apache.http.wire - http-outgoing-3 << "HTTP/1.1 200 OK[\r][\n]"
19:15:59.785 [main] DEBUG org.apache.http.wire - http-outgoing-3 << "Date: Sat, 20 Jul 2024 11:16:02 GMT[\r][\n]"
19:15:59.785 [main] DEBUG org.apache.http.wire - http-outgoing-3 << "Content-Type: application/json[\r][\n]"
19:15:59.785 [main] DEBUG org.apache.http.wire - http-outgoing-3 << "Transfer-Encoding: chunked[\r][\n]"
19:15:59.785 [main] DEBUG org.apache.http.wire - http-outgoing-3 << "Connection: keep-alive[\r][\n]"
19:15:59.785 [main] DEBUG org.apache.http.wire - http-outgoing-3 << "Report-To: {"group":"heroku-nel","max_age":3600,"endpoints":[{"url":"https://nel.heroku.com/reports?ts=1721474161&sid=1b10b0ff-8a76-4548-befa-353fc6c6c045&s=LK3u8qFE47s2fzMRKSyhJw56WGm%2BLe0owLxazPHaZAg%3D"}]}[\r][\n]"
19:15:59.785 [main] DEBUG org.apache.http.wire - http-outgoing-3 << "Reporting-Endpoints: heroku-nel=https://nel.heroku.com/reports?ts=1721474161&sid=1b10b0ff-8a76-4548-befa-353fc6c6c045&s=LK3u8qFE47s2fzMRKSyhJw56WGm%2BLe0owLxazPHaZAg%3D[\r][\n]"
19:15:59.785 [main] DEBUG org.apache.http.wire - http-outgoing-3 << "Nel: {"report_to":"heroku-nel","max_age":3600,"success_fraction":0.005,"failure_fraction":0.05,"response_headers":["Via"]}[\r][\n]"
19:15:59.785 [main] DEBUG org.apache.http.wire - http-outgoing-3 << "Allow: GET, HEAD, OPTIONS[\r][\n]"
19:15:59.785 [main] DEBUG org.apache.http.wire - http-outgoing-3 << "X-Frame-Options: DENY[\r][\n]"
19:15:59.785 [main] DEBUG org.apache.http.wire - http-outgoing-3 << "Vary: Cookie, Origin[\r][\n]"
19:15:59.785 [main] DEBUG org.apache.http.wire - http-outgoing-3 << "X-Content-Type-Options: nosniff[\r][\n]"
19:15:59.785 [main] DEBUG org.apache.http.wire - http-outgoing-3 << "Referrer-Policy: same-origin[\r][\n]"
19:15:59.785 [main] DEBUG org.apache.http.wire - http-outgoing-3 << "Cross-Origin-Opener-Policy: same-origin[\r][\n]"
19:15:59.785 [main] DEBUG org.apache.http.wire - http-outgoing-3 << "Via: 1.1 vegur[\r][\n]"
19:15:59.785 [main] DEBUG org.apache.http.wire - http-outgoing-3 << "CF-Cache-Status: DYNAMIC[\r][\n]"
19:15:59.785 [main] DEBUG org.apache.http.wire - http-outgoing-3 << "Server: cloudflare[\r][\n]"
19:15:59.785 [main] DEBUG org.apache.http.wire - http-outgoing-3 << "CF-RAY: 8a62895ebc9b402f-SIN[\r][\n]"
19:15:59.785 [main] DEBUG org.apache.http.wire - http-outgoing-3 << "Content-Encoding: gzip[\r][\n]"
19:15:59.785 [main] DEBUG org.apache.http.wire - http-outgoing-3 << "[\r][\n]"
19:15:59.785 [main] DEBUG org.apache.http.wire - http-outgoing-3 << "c9[\r][\n]"
19:15:59.785 [main] DEBUG org.apache.http.wire - http-outgoing-3 << "[0x1f][0x8b][0x8][0x0][0x0][0x0][0x0][0x0][0x0][0x3]<[0x8e]1j[0xc3]@[0x10]E{[0x9f][0xe2]G[0x7][0x90] [0x90][0xc6][0x9d]KWq[0x11][0xdc][0x8f][0xad][0x91]5dwv=3k!B[0xee][0x1e][0x84]M[0xda][0xcf][0xe3][0xbf][0xf7][0xb3][0x3][0x80][0xee][0xa8]S[0xb1]L!E[0xbb]=[0xba][0xaf][0x99][0xf4][0x1b]ki[0x98][0x8a][0xa1][0xb9][0xe8][\r][0x87]Tg[0xc2][0x99]4[0xe8][0xc6]o[0xf8]l[0x6][0xf][0xd2][0x91]l[0xc4][0xe1]t[0x84]Q0[0x92]d[0x9][0x88][0xe3][0xfd][0x3][0xc6][0xf7][0xc6][0x1e][0x8e][0xca][0x86][0x91][0xd6][0x1e][0xa7][0xc4][0xe4][0xc]o[0x17][0xbf][0x9a]\[0x18]Q@[0xba][0xa2]L[0x88][0x99]Q[0x8d][0xb3][0xb4][0x8c][0x9a]H[0x1d][0x14][0x98]#[0xaa][0xef][0x87]aY[0x96][0x9e]6[0xfd][0xe3]i[0xef][0xaf]ex[0xc1][0xc3][0xf6]![0xba][0x95]DZa[0x9c][0xcb][0x83]A)a$[0xd9][0x86][0xff]*[0xef][0xbb][0xdd][0xef][0x1f][0x0][0x0][0x0][0xff][0xff][0x3][0x0][0xd5][0x8e]b6[0xef][0x0][0x0][0x0][\r][\n]"
19:15:59.785 [main] DEBUG org.apache.http.headers - http-outgoing-3 << HTTP/1.1 200 OK
19:15:59.785 [main] DEBUG org.apache.http.headers - http-outgoing-3 << Date: Sat, 20 Jul 2024 11:16:02 GMT
19:15:59.785 [main] DEBUG org.apache.http.headers - http-outgoing-3 << Content-Type: application/json
19:15:59.785 [main] DEBUG org.apache.http.headers - http-outgoing-3 << Transfer-Encoding: chunked
19:15:59.785 [main] DEBUG org.apache.http.headers - http-outgoing-3 << Connection: keep-alive
19:15:59.785 [main] DEBUG org.apache.http.headers - http-outgoing-3 << Report-To: {"group":"heroku-nel","max_age":3600,"endpoints":[{"url":"https://nel.heroku.com/reports?ts=1721474161&sid=1b10b0ff-8a76-4548-befa-353fc6c6c045&s=LK3u8qFE47s2fzMRKSyhJw56WGm%2BLe0owLxazPHaZAg%3D"}]}
19:15:59.785 [main] DEBUG org.apache.http.headers - http-outgoing-3 << Reporting-Endpoints: heroku-nel=https://nel.heroku.com/reports?ts=1721474161&sid=1b10b0ff-8a76-4548-befa-353fc6c6c045&s=LK3u8qFE47s2fzMRKSyhJw56WGm%2BLe0owLxazPHaZAg%3D
19:15:59.785 [main] DEBUG org.apache.http.headers - http-outgoing-3 << Nel: {"report_to":"heroku-nel","max_age":3600,"success_fraction":0.005,"failure_fraction":0.05,"response_headers":["Via"]}
19:15:59.785 [main] DEBUG org.apache.http.headers - http-outgoing-3 << Allow: GET, HEAD, OPTIONS
19:15:59.785 [main] DEBUG org.apache.http.headers - http-outgoing-3 << X-Frame-Options: DENY
19:15:59.785 [main] DEBUG org.apache.http.headers - http-outgoing-3 << Vary: Cookie, Origin
19:15:59.785 [main] DEBUG org.apache.http.headers - http-outgoing-3 << X-Content-Type-Options: nosniff
19:15:59.785 [main] DEBUG org.apache.http.headers - http-outgoing-3 << Referrer-Policy: same-origin
19:15:59.785 [main] DEBUG org.apache.http.headers - http-outgoing-3 << Cross-Origin-Opener-Policy: same-origin
19:15:59.785 [main] DEBUG org.apache.http.headers - http-outgoing-3 << Via: 1.1 vegur
19:15:59.785 [main] DEBUG org.apache.http.headers - http-outgoing-3 << CF-Cache-Status: DYNAMIC
19:15:59.785 [main] DEBUG org.apache.http.headers - http-outgoing-3 << Server: cloudflare
19:15:59.785 [main] DEBUG org.apache.http.headers - http-outgoing-3 << CF-RAY: 8a62895ebc9b402f-SIN
19:15:59.785 [main] DEBUG org.apache.http.headers - http-outgoing-3 << Content-Encoding: gzip
19:15:59.786 [main] DEBUG org.apache.http.impl.execchain.MainClientExec - Connection can be kept alive indefinitely
19:15:59.786 [main] DEBUG org.apache.http.impl.conn.DefaultManagedHttpClientConnection - http-outgoing-3: Close connection
19:15:59.786 [main] DEBUG org.apache.http.impl.execchain.MainClientExec - Connection discarded
19:15:59.786 [main] DEBUG org.apache.http.impl.conn.PoolingHttpClientConnectionManager - Connection released: [id: 3][route: {s}->https://www.alphavantage.co:443][total available: 0; route allocated: 0 of 5; total allocated: 0 of 10]
19:15:59.786 [main] DEBUG org.apache.http.impl.conn.PoolingHttpClientConnectionManager - Connection manager is shutting down
19:15:59.786 [main] DEBUG org.apache.http.impl.conn.PoolingHttpClientConnectionManager - Connection manager shut down
19:15:59.786 [main] DEBUG com.intuit.karate - response time in milliseconds: 2231
1 < 200
1 < Date: Sat, 20 Jul 2024 11:16:02 GMT
1 < Content-Type: application/json
1 < Transfer-Encoding: chunked
1 < Connection: keep-alive
1 < Report-To: {"group":"heroku-nel","max_age":3600,"endpoints":[{"url":"https://nel.heroku.com/reports?ts=1721474161&sid=1b10b0ff-8a76-4548-befa-353fc6c6c045&s=LK3u8qFE47s2fzMRKSyhJw56WGm%2BLe0owLxazPHaZAg%3D"}]}
1 < Reporting-Endpoints: heroku-nel=https://nel.heroku.com/reports?ts=1721474161&sid=1b10b0ff-8a76-4548-befa-353fc6c6c045&s=LK3u8qFE47s2fzMRKSyhJw56WGm%2BLe0owLxazPHaZAg%3D
1 < Nel: {"report_to":"heroku-nel","max_age":3600,"success_fraction":0.005,"failure_fraction":0.05,"response_headers":["Via"]}
1 < Allow: GET, HEAD, OPTIONS
1 < X-Frame-Options: DENY
1 < Vary: Cookie, Origin
1 < X-Content-Type-Options: nosniff
1 < Referrer-Policy: same-origin
1 < Cross-Origin-Opener-Policy: same-origin
1 < Via: 1.1 vegur
1 < CF-Cache-Status: DYNAMIC
1 < Server: cloudflare
1 < CF-RAY: 8a62895ebc9b402f-SIN
{
    "Information": "Thank you for using Alpha Vantage! Our standard API rate limit is 25 requests per day. Please subscribe to any of the premium plans at https://www.alphavantage.co/premium/ to instantly remove all daily rate limits."
}

19:15:59.788 [main] DEBUG com.jayway.jsonpath.internal.path.CompiledPath - Evaluating path: $['Error Message']
19:15:59.789 [main] ERROR com.intuit.karate - classpath:financial/features/forex-data.feature:40
And match response.['Error Message'] == '#notnull'
match failed: EQUALS

classpath:financial/features/forex-data.feature:40
19:15:59.824 [main] DEBUG org.thymeleaf.TemplateEngine - [THYMELEAF] INITIALIZING TEMPLATE ENGINE
19:15:59.938 [main] DEBUG org.thymeleaf.TemplateEngine.CONFIG - Initializing Thymeleaf Template engine configuration...
[THYMELEAF] TEMPLATE ENGINE CONFIGURATION:
[THYMELEAF] * Thymeleaf version: 3.0.14.RELEASE (built 2021-12-08T00:45:29+0000)
[THYMELEAF] * Cache Manager implementation: org.thymeleaf.cache.StandardCacheManager
[THYMELEAF] * Template resolvers:
[THYMELEAF]     * [1] com.intuit.karate.template.ResourceHtmlTemplateResolver
[THYMELEAF] * Message resolvers:
[THYMELEAF]     * org.thymeleaf.messageresolver.StandardMessageResolver
[THYMELEAF] * Link builders:
[THYMELEAF]     * org.thymeleaf.linkbuilder.StandardLinkBuilder
[THYMELEAF] * Dialect [1 of 2]: Standard (com.intuit.karate.template.KarateStandardDialect)
[THYMELEAF]     * Prefix: "th"
[THYMELEAF]     * Processors for Template Mode: HTML
[THYMELEAF]         * Element Tag Processors by [matching element and attribute name] [precedence]:
[THYMELEAF]             * [* {th:include,data-th-include}] [100]: org.thymeleaf.standard.processor.StandardIncludeTagProcessor
[THYMELEAF]             * [* {th:insert,data-th-insert}] [100]: org.thymeleaf.standard.processor.StandardInsertTagProcessor
[THYMELEAF]             * [* {th:replace,data-th-replace}] [100]: org.thymeleaf.standard.processor.StandardReplaceTagProcessor
[THYMELEAF]             * [* {th:substituteby,data-th-substituteby}] [100]: org.thymeleaf.standard.processor.StandardSubstituteByTagProcessor
[THYMELEAF]             * [* {th:each,data-th-each}] [200]: com.intuit.karate.template.KarateEachTagProcessor
[THYMELEAF]             * [* {th:switch,data-th-switch}] [250]: org.thymeleaf.standard.processor.StandardSwitchTagProcessor
[THYMELEAF]             * [* {th:case,data-th-case}] [275]: org.thymeleaf.standard.processor.StandardCaseTagProcessor
[THYMELEAF]             * [* {th:if,data-th-if}] [300]: org.thymeleaf.standard.processor.StandardIfTagProcessor
[THYMELEAF]             * [* {th:unless,data-th-unless}] [400]: org.thymeleaf.standard.processor.StandardUnlessTagProcessor
[THYMELEAF]             * [* {th:object,data-th-object}] [500]: org.thymeleaf.standard.processor.StandardObjectTagProcessor
[THYMELEAF]             * [* {th:with,data-th-with}] [600]: com.intuit.karate.template.KarateWithTagProcessor
[THYMELEAF]             * [* {th:attr,data-th-attr}] [700]: com.intuit.karate.template.KarateAttributeTagProcessor.KarateAttrTagProcessor
[THYMELEAF]             * [* {th:attrappend,data-th-attrappend}] [900]: com.intuit.karate.template.KarateAttributeTagProcessor.KarateAttrappendTagProcessor
[THYMELEAF]             * [* {th:attrprepend,data-th-attrprepend}] [900]: com.intuit.karate.template.KarateAttributeTagProcessor.KarateAttrprependTagProcessor
[THYMELEAF]             * [* {th:alt-title,data-th-alt-title}] [990]: org.thymeleaf.standard.processor.StandardAltTitleTagProcessor
[THYMELEAF]             * [* {th:lang-xmllang,data-th-lang-xmllang}] [990]: org.thymeleaf.standard.processor.StandardLangXmlLangTagProcessor
[THYMELEAF]             * [* {th:action,data-th-action}] [1000]: org.thymeleaf.standard.processor.StandardActionTagProcessor
[THYMELEAF]             * [* {th:ismap,data-th-ismap}] [1000]: org.thymeleaf.standard.processor.StandardConditionalFixedValueTagProcessor
[THYMELEAF]             * [* {th:autofocus,data-th-autofocus}] [1000]: org.thymeleaf.standard.processor.StandardConditionalFixedValueTagProcessor
[THYMELEAF]             * [* {th:readonly,data-th-readonly}] [1000]: org.thymeleaf.standard.processor.StandardConditionalFixedValueTagProcessor
[THYMELEAF]             * [* {th:multiple,data-th-multiple}] [1000]: org.thymeleaf.standard.processor.StandardConditionalFixedValueTagProcessor
[THYMELEAF]             * [* {th:loop,data-th-loop}] [1000]: org.thymeleaf.standard.processor.StandardConditionalFixedValueTagProcessor
[THYMELEAF]             * [* {th:novalidate,data-th-novalidate}] [1000]: org.thymeleaf.standard.processor.StandardConditionalFixedValueTagProcessor
[THYMELEAF]             * [* {th:pubdate,data-th-pubdate}] [1000]: org.thymeleaf.standard.processor.StandardConditionalFixedValueTagProcessor
[THYMELEAF]             * [* {th:scoped,data-th-scoped}] [1000]: org.thymeleaf.standard.processor.StandardConditionalFixedValueTagProcessor
[THYMELEAF]             * [* {th:default,data-th-default}] [1000]: org.thymeleaf.standard.processor.StandardConditionalFixedValueTagProcessor
[THYMELEAF]             * [* {th:open,data-th-open}] [1000]: org.thymeleaf.standard.processor.StandardConditionalFixedValueTagProcessor
[THYMELEAF]             * [* {th:required,data-th-required}] [1000]: org.thymeleaf.standard.processor.StandardConditionalFixedValueTagProcessor
[THYMELEAF]             * [* {th:async,data-th-async}] [1000]: org.thymeleaf.standard.processor.StandardConditionalFixedValueTagProcessor
[THYMELEAF]             * [* {th:nowrap,data-th-nowrap}] [1000]: org.thymeleaf.standard.processor.StandardConditionalFixedValueTagProcessor
[THYMELEAF]             * [* {th:formnovalidate,data-th-formnovalidate}] [1000]: org.thymeleaf.standard.processor.StandardConditionalFixedValueTagProcessor
[THYMELEAF]             * [* {th:declare,data-th-declare}] [1000]: org.thymeleaf.standard.processor.StandardConditionalFixedValueTagProcessor
[THYMELEAF]             * [* {th:selected,data-th-selected}] [1000]: org.thymeleaf.standard.processor.StandardConditionalFixedValueTagProcessor
[THYMELEAF]             * [* {th:hidden,data-th-hidden}] [1000]: org.thymeleaf.standard.processor.StandardConditionalFixedValueTagProcessor
[THYMELEAF]             * [* {th:reversed,data-th-reversed}] [1000]: org.thymeleaf.standard.processor.StandardConditionalFixedValueTagProcessor
[THYMELEAF]             * [* {th:autoplay,data-th-autoplay}] [1000]: org.thymeleaf.standard.processor.StandardConditionalFixedValueTagProcessor
[THYMELEAF]             * [* {th:controls,data-th-controls}] [1000]: org.thymeleaf.standard.processor.StandardConditionalFixedValueTagProcessor
[THYMELEAF]             * [* {th:disabled,data-th-disabled}] [1000]: org.thymeleaf.standard.processor.StandardConditionalFixedValueTagProcessor
[THYMELEAF]             * [* {th:checked,data-th-checked}] [1000]: org.thymeleaf.standard.processor.StandardConditionalFixedValueTagProcessor
[THYMELEAF]             * [* {th:seamless,data-th-seamless}] [1000]: org.thymeleaf.standard.processor.StandardConditionalFixedValueTagProcessor
[THYMELEAF]             * [* {th:defer,data-th-defer}] [1000]: org.thymeleaf.standard.processor.StandardConditionalFixedValueTagProcessor
[THYMELEAF]             * [* {th:onclick,data-th-onclick}] [1000]: org.thymeleaf.standard.processor.StandardDOMEventAttributeTagProcessor
[THYMELEAF]             * [* {th:ondragover,data-th-ondragover}] [1000]: org.thymeleaf.standard.processor.StandardDOMEventAttributeTagProcessor
[THYMELEAF]             * [* {th:onshow,data-th-onshow}] [1000]: org.thymeleaf.standard.processor.StandardDOMEventAttributeTagProcessor
[THYMELEAF]             * [* {th:onfocus,data-th-onfocus}] [1000]: org.thymeleaf.standard.processor.StandardDOMEventAttributeTagProcessor
[THYMELEAF]             * [* {th:ondurationchange,data-th-ondurationchange}] [1000]: org.thymeleaf.standard.processor.StandardDOMEventAttributeTagProcessor
[THYMELEAF]             * [* {th:ondblclick,data-th-ondblclick}] [1000]: org.thymeleaf.standard.processor.StandardDOMEventAttributeTagProcessor
[THYMELEAF]             * [* {th:onloadedmetadata,data-th-onloadedmetadata}] [1000]: org.thymeleaf.standard.processor.StandardDOMEventAttributeTagProcessor
[THYMELEAF]             * [* {th:onkeyup,data-th-onkeyup}] [1000]: org.thymeleaf.standard.processor.StandardDOMEventAttributeTagProcessor
[THYMELEAF]             * [* {th:onkeydown,data-th-onkeydown}] [1000]: org.thymeleaf.standard.processor.StandardDOMEventAttributeTagProcessor
[THYMELEAF]             * [* {th:ondragenter,data-th-ondragenter}] [1000]: org.thymeleaf.standard.processor.StandardDOMEventAttributeTagProcessor
[THYMELEAF]             * [* {th:onbeforeprint,data-th-onbeforeprint}] [1000]: org.thymeleaf.standard.processor.StandardDOMEventAttributeTagProcessor
[THYMELEAF]             * [* {th:onloadstart,data-th-onloadstart}] [1000]: org.thymeleaf.standard.processor.StandardDOMEventAttributeTagProcessor
[THYMELEAF]             * [* {th:ononline,data-th-ononline}] [1000]: org.thymeleaf.standard.processor.StandardDOMEventAttributeTagProcessor
[THYMELEAF]             * [* {th:onpopstate,data-th-onpopstate}] [1000]: org.thymeleaf.standard.processor.StandardDOMEventAttributeTagProcessor
[THYMELEAF]             * [* {th:onsubmit,data-th-onsubmit}] [1000]: org.thymeleaf.standard.processor.StandardDOMEventAttributeTagProcessor
[THYMELEAF]             * [* {th:onoffline,data-th-onoffline}] [1000]: org.thymeleaf.standard.processor.StandardDOMEventAttributeTagProcessor
[THYMELEAF]             * [* {th:onerror,data-th-onerror}] [1000]: org.thymeleaf.standard.processor.StandardDOMEventAttributeTagProcessor
[THYMELEAF]             * [* {th:onscroll,data-th-onscroll}] [1000]: org.thymeleaf.standard.processor.StandardDOMEventAttributeTagProcessor
[THYMELEAF]             * [* {th:oncontextmenu,data-th-oncontextmenu}] [1000]: org.thymeleaf.standard.processor.StandardDOMEventAttributeTagProcessor
[THYMELEAF]             * [* {th:onpause,data-th-onpause}] [1000]: org.thymeleaf.standard.processor.StandardDOMEventAttributeTagProcessor
[THYMELEAF]             * [* {th:ondrag,data-th-ondrag}] [1000]: org.thymeleaf.standard.processor.StandardDOMEventAttributeTagProcessor
[THYMELEAF]             * [* {th:onmouseout,data-th-onmouseout}] [1000]: org.thymeleaf.standard.processor.StandardDOMEventAttributeTagProcessor
[THYMELEAF]             * [* {th:onload,data-th-onload}] [1000]: org.thymeleaf.standard.processor.StandardDOMEventAttributeTagProcessor
[THYMELEAF]             * [* {th:onmousewheel,data-th-onmousewheel}] [1000]: org.thymeleaf.standard.processor.StandardDOMEventAttributeTagProcessor
[THYMELEAF]             * [* {th:onended,data-th-onended}] [1000]: org.thymeleaf.standard.processor.StandardDOMEventAttributeTagProcessor
[THYMELEAF]             * [* {th:oncanplay,data-th-oncanplay}] [1000]: org.thymeleaf.standard.processor.StandardDOMEventAttributeTagProcessor
[THYMELEAF]             * [* {th:onwaiting,data-th-onwaiting}] [1000]: org.thymeleaf.standard.processor.StandardDOMEventAttributeTagProcessor
[THYMELEAF]             * [* {th:onmousedown,data-th-onmousedown}] [1000]: org.thymeleaf.standard.processor.StandardDOMEventAttributeTagProcessor
[THYMELEAF]             * [* {th:onredo,data-th-onredo}] [1000]: org.thymeleaf.standard.processor.StandardDOMEventAttributeTagProcessor
[THYMELEAF]             * [* {th:oncanplaythrough,data-th-oncanplaythrough}] [1000]: org.thymeleaf.standard.processor.StandardDOMEventAttributeTagProcessor
[THYMELEAF]             * [* {th:onmouseover,data-th-onmouseover}] [1000]: org.thymeleaf.standard.processor.StandardDOMEventAttributeTagProcessor
[THYMELEAF]             * [* {th:onseeking,data-th-onseeking}] [1000]: org.thymeleaf.standard.processor.StandardDOMEventAttributeTagProcessor
[THYMELEAF]             * [* {th:onmouseup,data-th-onmouseup}] [1000]: org.thymeleaf.standard.processor.StandardDOMEventAttributeTagProcessor
[THYMELEAF]             * [* {th:onafterprint,data-th-onafterprint}] [1000]: org.thymeleaf.standard.processor.StandardDOMEventAttributeTagProcessor
[THYMELEAF]             * [* {th:onchange,data-th-onchange}] [1000]: org.thymeleaf.standard.processor.StandardDOMEventAttributeTagProcessor
[THYMELEAF]             * [* {th:onreset,data-th-onreset}] [1000]: org.thymeleaf.standard.processor.StandardDOMEventAttributeTagProcessor
[THYMELEAF]             * [* {th:onratechange,data-th-onratechange}] [1000]: org.thymeleaf.standard.processor.StandardDOMEventAttributeTagProcessor
[THYMELEAF]             * [* {th:onstalled,data-th-onstalled}] [1000]: org.thymeleaf.standard.processor.StandardDOMEventAttributeTagProcessor
[THYMELEAF]             * [* {th:onresize,data-th-onresize}] [1000]: org.thymeleaf.standard.processor.StandardDOMEventAttributeTagProcessor
[THYMELEAF]             * [* {th:onundo,data-th-onundo}] [1000]: org.thymeleaf.standard.processor.StandardDOMEventAttributeTagProcessor
[THYMELEAF]             * [* {th:onforminput,data-th-onforminput}] [1000]: org.thymeleaf.standard.processor.StandardDOMEventAttributeTagProcessor
[THYMELEAF]             * [* {th:onloadeddata,data-th-onloadeddata}] [1000]: org.thymeleaf.standard.processor.StandardDOMEventAttributeTagProcessor
[THYMELEAF]             * [* {th:oninput,data-th-oninput}] [1000]: org.thymeleaf.standard.processor.StandardDOMEventAttributeTagProcessor
[THYMELEAF]             * [* {th:oninvalid,data-th-oninvalid}] [1000]: org.thymeleaf.standard.processor.StandardDOMEventAttributeTagProcessor
[THYMELEAF]             * [* {th:onvolumechange,data-th-onvolumechange}] [1000]: org.thymeleaf.standard.processor.StandardDOMEventAttributeTagProcessor
[THYMELEAF]             * [* {th:onstorage,data-th-onstorage}] [1000]: org.thymeleaf.standard.processor.StandardDOMEventAttributeTagProcessor
[THYMELEAF]             * [* {th:onplay,data-th-onplay}] [1000]: org.thymeleaf.standard.processor.StandardDOMEventAttributeTagProcessor
[THYMELEAF]             * [* {th:onselect,data-th-onselect}] [1000]: org.thymeleaf.standard.processor.StandardDOMEventAttributeTagProcessor
[THYMELEAF]             * [* {th:onblur,data-th-onblur}] [1000]: org.thymeleaf.standard.processor.StandardDOMEventAttributeTagProcessor
[THYMELEAF]             * [* {th:ondragend,data-th-ondragend}] [1000]: org.thymeleaf.standard.processor.StandardDOMEventAttributeTagProcessor
[THYMELEAF]             * [* {th:onemptied,data-th-onemptied}] [1000]: org.thymeleaf.standard.processor.StandardDOMEventAttributeTagProcessor
[THYMELEAF]             * [* {th:onabort,data-th-onabort}] [1000]: org.thymeleaf.standard.processor.StandardDOMEventAttributeTagProcessor
[THYMELEAF]             * [* {th:ondrop,data-th-ondrop}] [1000]: org.thymeleaf.standard.processor.StandardDOMEventAttributeTagProcessor
[THYMELEAF]             * [* {th:ontimeupdate,data-th-ontimeupdate}] [1000]: org.thymeleaf.standard.processor.StandardDOMEventAttributeTagProcessor
[THYMELEAF]             * [* {th:onkeypress,data-th-onkeypress}] [1000]: org.thymeleaf.standard.processor.StandardDOMEventAttributeTagProcessor
[THYMELEAF]             * [* {th:onmessage,data-th-onmessage}] [1000]: org.thymeleaf.standard.processor.StandardDOMEventAttributeTagProcessor
[THYMELEAF]             * [* {th:onplaying,data-th-onplaying}] [1000]: org.thymeleaf.standard.processor.StandardDOMEventAttributeTagProcessor
[THYMELEAF]             * [* {th:onbeforeunload,data-th-onbeforeunload}] [1000]: org.thymeleaf.standard.processor.StandardDOMEventAttributeTagProcessor
[THYMELEAF]             * [* {th:onformchange,data-th-onformchange}] [1000]: org.thymeleaf.standard.processor.StandardDOMEventAttributeTagProcessor
[THYMELEAF]             * [* {th:onunload,data-th-onunload}] [1000]: org.thymeleaf.standard.processor.StandardDOMEventAttributeTagProcessor
[THYMELEAF]             * [* {th:onhashchange,data-th-onhashchange}] [1000]: org.thymeleaf.standard.processor.StandardDOMEventAttributeTagProcessor
[THYMELEAF]             * [* {th:onprogress,data-th-onprogress}] [1000]: org.thymeleaf.standard.processor.StandardDOMEventAttributeTagProcessor
[THYMELEAF]             * [* {th:onseeked,data-th-onseeked}] [1000]: org.thymeleaf.standard.processor.StandardDOMEventAttributeTagProcessor
[THYMELEAF]             * [* {th:onmousemove,data-th-onmousemove}] [1000]: org.thymeleaf.standard.processor.StandardDOMEventAttributeTagProcessor
[THYMELEAF]             * [* {th:onreadystatechange,data-th-onreadystatechange}] [1000]: org.thymeleaf.standard.processor.StandardDOMEventAttributeTagProcessor
[THYMELEAF]             * [* {th:onsuspend,data-th-onsuspend}] [1000]: org.thymeleaf.standard.processor.StandardDOMEventAttributeTagProcessor
[THYMELEAF]             * [* {th:ondragleave,data-th-ondragleave}] [1000]: org.thymeleaf.standard.processor.StandardDOMEventAttributeTagProcessor
[THYMELEAF]             * [* {th:ondragstart,data-th-ondragstart}] [1000]: org.thymeleaf.standard.processor.StandardDOMEventAttributeTagProcessor
[THYMELEAF]             * [* {th:href,data-th-href}] [1000]: org.thymeleaf.standard.processor.StandardHrefTagProcessor
[THYMELEAF]             * [* {th:inline,data-th-inline}] [1000]: org.thymeleaf.standard.processor.StandardInlineHTMLTagProcessor
[THYMELEAF]             * [* {th:method,data-th-method}] [1000]: org.thymeleaf.standard.processor.StandardMethodTagProcessor
[THYMELEAF]             * [* {th:type,data-th-type}] [1000]: org.thymeleaf.standard.processor.StandardNonRemovableAttributeTagProcessor
[THYMELEAF]             * [* {th:name,data-th-name}] [1000]: org.thymeleaf.standard.processor.StandardNonRemovableAttributeTagProcessor
[THYMELEAF]             * [* {th:archive,data-th-archive}] [1000]: org.thymeleaf.standard.processor.StandardRemovableAttributeTagProcessor
[THYMELEAF]             * [* {th:title,data-th-title}] [1000]: org.thymeleaf.standard.processor.StandardRemovableAttributeTagProcessor
[THYMELEAF]             * [* {th:colspan,data-th-colspan}] [1000]: org.thymeleaf.standard.processor.StandardRemovableAttributeTagProcessor
[THYMELEAF]             * [* {th:spellcheck,data-th-spellcheck}] [1000]: org.thymeleaf.standard.processor.StandardRemovableAttributeTagProcessor
[THYMELEAF]             * [* {th:abbr,data-th-abbr}] [1000]: org.thymeleaf.standard.processor.StandardRemovableAttributeTagProcessor
[THYMELEAF]             * [* {th:scheme,data-th-scheme}] [1000]: org.thymeleaf.standard.processor.StandardRemovableAttributeTagProcessor
[THYMELEAF]             * [* {th:radiogroup,data-th-radiogroup}] [1000]: org.thymeleaf.standard.processor.StandardRemovableAttributeTagProcessor
[THYMELEAF]             * [* {th:sandbox,data-th-sandbox}] [1000]: org.thymeleaf.standard.processor.StandardRemovableAttributeTagProcessor
[THYMELEAF]             * [* {th:rel,data-th-rel}] [1000]: org.thymeleaf.standard.processor.StandardRemovableAttributeTagProcessor
[THYMELEAF]             * [* {th:maxlength,data-th-maxlength}] [1000]: org.thymeleaf.standard.processor.StandardRemovableAttributeTagProcessor
[THYMELEAF]             * [* {th:rules,data-th-rules}] [1000]: org.thymeleaf.standard.processor.StandardRemovableAttributeTagProcessor
[...]
[THYMELEAF]             * [* {th:challenge,data-th-challenge}] [1000]: org.thymeleaf.standard.processor.StandardRemovableAttributeTagProcessor
[THYMELEAF]             * [* {th:formaction,data-th-formaction}] [1000]: org.thymeleaf.standard.processor.StandardRemovableAttributeTagProcessor
[THYMELEAF]             * [* {th:sandbox,data-th-sandbox}] [1000]: org.thymeleaf.standard.processor.StandardRemovableAttributeTagProcessor
[THYMELEAF]             * [* {th:align,data-th-align}] [1000]: org.thymeleaf.standard.processor.StandardRemovableAttributeTagProcessor
[THYMELEAF]             * [* {th:size,data-th-size}] [1000]: org.thymeleaf.standard.processor.StandardRemovableAttributeTagProcessor
[THYMELEAF]             * [* {th:enctype,data-th-enctype}] [1000]: org.thymeleaf.standard.processor.StandardRemovableAttributeTagProcessor
[THYMELEAF]             * [* {th:low,data-th-low}] [1000]: org.thymeleaf.standard.processor.StandardRemovableAttributeTagProcessor
[THYMELEAF]             * [* {th:title,data-th-title}] [1000]: org.thymeleaf.standard.processor.StandardRemovableAttributeTagProcessor
[THYMELEAF]             * [* {th:headers,data-th-headers}] [1000]: org.thymeleaf.standard.processor.StandardRemovableAttributeTagProcessor
[THYMELEAF]             * [* {th:abbr,data-th-abbr}] [1000]: org.thymeleaf.standard.processor.StandardRemovableAttributeTagProcessor
[THYMELEAF]             * [* {th:scheme,data-th-scheme}] [1000]: org.thymeleaf.standard.processor.StandardRemovableAttributeTagProcessor
[THYMELEAF]             * [* {th:min,data-th-min}] [1000]: org.thymeleaf.standard.processor.StandardRemovableAttributeTagProcessor
[THYMELEAF]             * [* {th:form,data-th-form}] [1000]: org.thymeleaf.standard.processor.StandardRemovableAttributeTagProcessor
[THYMELEAF]             * [* {th:media,data-th-media}] [1000]: org.thymeleaf.standard.processor.StandardRemovableAttributeTagProcessor
[THYMELEAF]             * [* {th:codebase,data-th-codebase}] [1000]: org.thymeleaf.standard.processor.StandardRemovableAttributeTagProcessor
[THYMELEAF]             * [* {th:placeholder,data-th-placeholder}] [1000]: org.thymeleaf.standard.processor.StandardRemovableAttributeTagProcessor
[THYMELEAF]             * [* {th:colspan,data-th-colspan}] [1000]: org.thymeleaf.standard.processor.StandardRemovableAttributeTagProcessor
[THYMELEAF]             * [* {th:codetype,data-th-codetype}] [1000]: org.thymeleaf.standard.processor.StandardRemovableAttributeTagProcessor
[THYMELEAF]             * [* {th:preload,data-th-preload}] [1000]: org.thymeleaf.standard.processor.StandardRemovableAttributeTagProcessor
[THYMELEAF]             * [* {th:start,data-th-start}] [1000]: org.thymeleaf.standard.processor.StandardRemovableAttributeTagProcessor
[THYMELEAF]             * [* {th:vspace,data-th-vspace}] [1000]: org.thymeleaf.standard.processor.StandardRemovableAttributeTagProcessor
[THYMELEAF]             * [* {th:standby,data-th-standby}] [1000]: org.thymeleaf.standard.processor.StandardRemovableAttributeTagProcessor
[THYMELEAF]             * [* {th:dir,data-th-dir}] [1000]: org.thymeleaf.standard.processor.StandardRemovableAttributeTagProcessor
[THYMELEAF]             * [* {th:data,data-th-data}] [1000]: org.thymeleaf.standard.processor.StandardRemovableAttributeTagProcessor
[THYMELEAF]             * [* {th:classid,data-th-classid}] [1000]: org.thymeleaf.standard.processor.StandardRemovableAttributeTagProcessor
[THYMELEAF]             * [* {th:sizes,data-th-sizes}] [1000]: org.thymeleaf.standard.processor.StandardRemovableAttributeTagProcessor
[THYMELEAF]             * [* {th:style,data-th-style}] [1000]: org.thymeleaf.standard.processor.StandardRemovableAttributeTagProcessor
[THYMELEAF]             * [* {th:step,data-th-step}] [1000]: org.thymeleaf.standard.processor.StandardRemovableAttributeTagProcessor
[THYMELEAF]             * [* {th:for,data-th-for}] [1000]: org.thymeleaf.standard.processor.StandardRemovableAttributeTagProcessor
[THYMELEAF]             * [* {th:summary,data-th-summary}] [1000]: org.thymeleaf.standard.processor.StandardRemovableAttributeTagProcessor
[THYMELEAF]             * [* {th:cellpadding,data-th-cellpadding}] [1000]: org.thymeleaf.standard.processor.StandardRemovableAttributeTagProcessor
[THYMELEAF]             * [* {th:list,data-th-list}] [1000]: org.thymeleaf.standard.processor.StandardRemovableAttributeTagProcessor
[THYMELEAF]             * [* {th:width,data-th-width}] [1000]: org.thymeleaf.standard.processor.StandardRemovableAttributeTagProcessor
[THYMELEAF]             * [* {th:class,data-th-class}] [1000]: org.thymeleaf.standard.processor.StandardRemovableAttributeTagProcessor
[THYMELEAF]             * [* {th:datetime,data-th-datetime}] [1000]: org.thymeleaf.standard.processor.StandardRemovableAttributeTagProcessor
[THYMELEAF]             * [* {th:frame,data-th-frame}] [1000]: org.thymeleaf.standard.processor.StandardRemovableAttributeTagProcessor
[THYMELEAF]             * [* {th:pattern,data-th-pattern}] [1000]: org.thymeleaf.standard.processor.StandardRemovableAttributeTagProcessor
[THYMELEAF]             * [* {th:manifest,data-th-manifest}] [1000]: org.thymeleaf.standard.processor.StandardRemovableAttributeTagProcessor
[THYMELEAF]             * [* {th:src,data-th-src}] [1000]: org.thymeleaf.standard.processor.StandardSrcTagProcessor
[THYMELEAF]             * [* {th:value,data-th-value}] [1000]: org.thymeleaf.standard.processor.StandardValueTagProcessor
[THYMELEAF]             * [* {th:xmlbase,data-th-xmlbase}] [1000]: org.thymeleaf.standard.processor.StandardXmlBaseTagProcessor
[THYMELEAF]             * [* {th:xmllang,data-th-xmllang}] [1000]: org.thymeleaf.standard.processor.StandardXmlLangTagProcessor
[THYMELEAF]             * [* {xmlns:th}] [1000]: org.thymeleaf.standard.processor.StandardXmlNsTagProcessor
[THYMELEAF]             * [* {th:xmlspace,data-th-xmlspace}] [1000]: org.thymeleaf.standard.processor.StandardXmlSpaceTagProcessor
[THYMELEAF]             * [* {th:classappend,data-th-classappend}] [1100]: org.thymeleaf.standard.processor.StandardClassappendTagProcessor
[THYMELEAF]             * [* {th:styleappend,data-th-styleappend}] [1100]: org.thymeleaf.standard.processor.StandardStyleappendTagProcessor
[THYMELEAF]             * [* {th:text,data-th-text}] [1300]: org.thymeleaf.standard.processor.StandardTextTagProcessor
[THYMELEAF]             * [* {th:utext,data-th-utext}] [1400]: org.thymeleaf.standard.processor.StandardUtextTagProcessor
[THYMELEAF]             * [* {th:fragment,data-th-fragment}] [1500]: org.thymeleaf.standard.processor.StandardFragmentTagProcessor
[THYMELEAF]             * [* {th:assert,data-th-assert}] [1550]: org.thymeleaf.standard.processor.StandardAssertTagProcessor
[THYMELEAF]             * [* {th:remove,data-th-remove}] [1600]: org.thymeleaf.standard.processor.StandardRemoveTagProcessor
[THYMELEAF]             * [* {th:ref,data-th-ref}] [10000]: org.thymeleaf.standard.processor.StandardRefAttributeTagProcessor
[THYMELEAF]             * [{th:block,th-block} *] [100000]: org.thymeleaf.standard.processor.StandardBlockTagProcessor
[THYMELEAF]             * [* th:*] [2147483647]: org.thymeleaf.standard.processor.StandardDefaultAttributesTagProcessor
[THYMELEAF]         * Text Processors by [precedence]:
[THYMELEAF]             * [1000]: org.thymeleaf.standard.processor.StandardInliningTextProcessor
[THYMELEAF]         * DOCTYPE Processors by [precedence]:
[THYMELEAF]             * [1000]: org.thymeleaf.standard.processor.StandardTranslationDocTypeProcessor
[THYMELEAF]         * CDATA Section Processors by [precedence]:
[THYMELEAF]             * [1000]: org.thymeleaf.standard.processor.StandardInliningCDATASectionProcessor
[THYMELEAF]         * Comment Processors by [precedence]:
[THYMELEAF]             * [1000]: org.thymeleaf.standard.processor.StandardInliningCommentProcessor
[THYMELEAF]             * [1100]: org.thymeleaf.standard.processor.StandardConditionalCommentProcessor
[THYMELEAF]     * Processors for Template Mode: XML
[THYMELEAF]         * Element Tag Processors by [matching element and attribute name] [precedence]:
[THYMELEAF]             * [* {th:include}] [100]: org.thymeleaf.standard.processor.StandardIncludeTagProcessor
[THYMELEAF]             * [* {th:insert}] [100]: org.thymeleaf.standard.processor.StandardInsertTagProcessor
[THYMELEAF]             * [* {th:replace}] [100]: org.thymeleaf.standard.processor.StandardReplaceTagProcessor
[THYMELEAF]             * [* {th:substituteby}] [100]: org.thymeleaf.standard.processor.StandardSubstituteByTagProcessor
[THYMELEAF]             * [* {th:each}] [200]: com.intuit.karate.template.KarateEachTagProcessor
[THYMELEAF]             * [* {th:switch}] [250]: org.thymeleaf.standard.processor.StandardSwitchTagProcessor
[THYMELEAF]             * [* {th:case}] [275]: org.thymeleaf.standard.processor.StandardCaseTagProcessor
[THYMELEAF]             * [* {th:if}] [300]: org.thymeleaf.standard.processor.StandardIfTagProcessor
[THYMELEAF]             * [* {th:unless}] [400]: org.thymeleaf.standard.processor.StandardUnlessTagProcessor
[THYMELEAF]             * [* {th:object}] [500]: org.thymeleaf.standard.processor.StandardObjectTagProcessor
[THYMELEAF]             * [* {th:with}] [600]: com.intuit.karate.template.KarateWithTagProcessor
[THYMELEAF]             * [* {th:attr}] [700]: com.intuit.karate.template.KarateAttributeTagProcessor.KarateAttrTagProcessor
[THYMELEAF]             * [* {th:attrappend}] [900]: com.intuit.karate.template.KarateAttributeTagProcessor.KarateAttrappendTagProcessor
[THYMELEAF]             * [* {th:attrprepend}] [900]: com.intuit.karate.template.KarateAttributeTagProcessor.KarateAttrprependTagProcessor
[THYMELEAF]             * [* {th:inline}] [1000]: org.thymeleaf.standard.processor.StandardInlineXMLTagProcessor
[THYMELEAF]             * [* {xmlns:th}] [1000]: org.thymeleaf.standard.processor.StandardXmlNsTagProcessor
[THYMELEAF]             * [* {th:text}] [1300]: org.thymeleaf.standard.processor.StandardTextTagProcessor
[THYMELEAF]             * [* {th:utext}] [1400]: org.thymeleaf.standard.processor.StandardUtextTagProcessor
[THYMELEAF]             * [* {th:fragment}] [1500]: org.thymeleaf.standard.processor.StandardFragmentTagProcessor
[THYMELEAF]             * [* {th:assert}] [1550]: org.thymeleaf.standard.processor.StandardAssertTagProcessor
[THYMELEAF]             * [* {th:remove}] [1600]: org.thymeleaf.standard.processor.StandardRemoveTagProcessor
[THYMELEAF]             * [* {th:ref}] [10000]: org.thymeleaf.standard.processor.StandardRefAttributeTagProcessor
[THYMELEAF]             * [{th:block} *] [100000]: org.thymeleaf.standard.processor.StandardBlockTagProcessor
[THYMELEAF]             * [* th:*] [2147483647]: org.thymeleaf.standard.processor.StandardDefaultAttributesTagProcessor
[THYMELEAF]         * Text Processors by [precedence]:
[THYMELEAF]             * [1000]: org.thymeleaf.standard.processor.StandardInliningTextProcessor
[THYMELEAF]         * CDATA Section Processors by [precedence]:
[THYMELEAF]             * [1000]: org.thymeleaf.standard.processor.StandardInliningCDATASectionProcessor
[THYMELEAF]         * Comment Processors by [precedence]:
[THYMELEAF]             * [1000]: org.thymeleaf.standard.processor.StandardInliningCommentProcessor
[THYMELEAF]     * Processors for Template Mode: TEXT
[THYMELEAF]         * Element Tag Processors by [matching element and attribute name] [precedence]:
[THYMELEAF]             * [* {th:insert}] [100]: org.thymeleaf.standard.processor.StandardInsertTagProcessor
[THYMELEAF]             * [* {th:replace}] [100]: org.thymeleaf.standard.processor.StandardReplaceTagProcessor
[THYMELEAF]             * [* {th:each}] [200]: com.intuit.karate.template.KarateEachTagProcessor
[THYMELEAF]             * [* {th:switch}] [250]: org.thymeleaf.standard.processor.StandardSwitchTagProcessor
[THYMELEAF]             * [* {th:case}] [275]: org.thymeleaf.standard.processor.StandardCaseTagProcessor
[THYMELEAF]             * [* {th:if}] [300]: org.thymeleaf.standard.processor.StandardIfTagProcessor
[THYMELEAF]             * [* {th:unless}] [400]: org.thymeleaf.standard.processor.StandardUnlessTagProcessor
[THYMELEAF]             * [* {th:object}] [500]: org.thymeleaf.standard.processor.StandardObjectTagProcessor
[THYMELEAF]             * [* {th:with}] [600]: com.intuit.karate.template.KarateWithTagProcessor
[THYMELEAF]             * [* {th:inline}] [1000]: org.thymeleaf.standard.processor.StandardInlineTextualTagProcessor
[THYMELEAF]             * [* {th:text}] [1300]: org.thymeleaf.standard.processor.StandardTextTagProcessor
[THYMELEAF]             * [* {th:utext}] [1400]: org.thymeleaf.standard.processor.StandardUtextTagProcessor
[THYMELEAF]             * [* {th:assert}] [1550]: org.thymeleaf.standard.processor.StandardAssertTagProcessor
[THYMELEAF]             * [* {th:remove}] [1600]: org.thymeleaf.standard.processor.StandardRemoveTagProcessor
[THYMELEAF]             * [* 100000] [org.thymeleaf.standard.processor.StandardBlockTagProcessor]: {}
[THYMELEAF]             * [{th:block} *] [100000]: org.thymeleaf.standard.processor.StandardBlockTagProcessor
[THYMELEAF]         * Text Processors by [precedence]:
[THYMELEAF]             * [1000]: org.thymeleaf.standard.processor.StandardInliningTextProcessor
[THYMELEAF]     * Processors for Template Mode: JAVASCRIPT
[THYMELEAF]         * Element Tag Processors by [matching element and attribute name] [precedence]:
[THYMELEAF]             * [* {th:insert}] [100]: org.thymeleaf.standard.processor.StandardInsertTagProcessor
[THYMELEAF]             * [* {th:replace}] [100]: org.thymeleaf.standard.processor.StandardReplaceTagProcessor
[THYMELEAF]             * [* {th:each}] [200]: com.intuit.karate.template.KarateEachTagProcessor
[THYMELEAF]             * [* {th:switch}] [250]: org.thymeleaf.standard.processor.StandardSwitchTagProcessor
[THYMELEAF]             * [* {th:case}] [275]: org.thymeleaf.standard.processor.StandardCaseTagProcessor
[THYMELEAF]             * [* {th:if}] [300]: org.thymeleaf.standard.processor.StandardIfTagProcessor
[THYMELEAF]             * [* {th:unless}] [400]: org.thymeleaf.standard.processor.StandardUnlessTagProcessor
[THYMELEAF]             * [* {th:object}] [500]: org.thymeleaf.standard.processor.StandardObjectTagProcessor
[THYMELEAF]             * [* {th:with}] [600]: com.intuit.karate.template.KarateWithTagProcessor
[THYMELEAF]             * [* {th:inline}] [1000]: org.thymeleaf.standard.processor.StandardInlineTextualTagProcessor
[THYMELEAF]             * [* {th:text}] [1300]: org.thymeleaf.standard.processor.StandardTextTagProcessor
[THYMELEAF]             * [* {th:utext}] [1400]: org.thymeleaf.standard.processor.StandardUtextTagProcessor
[THYMELEAF]             * [* {th:assert}] [1550]: org.thymeleaf.standard.processor.StandardAssertTagProcessor
[THYMELEAF]             * [* {th:remove}] [1600]: org.thymeleaf.standard.processor.StandardRemoveTagProcessor
[THYMELEAF]             * [{th:block} *] [100000]: org.thymeleaf.standard.processor.StandardBlockTagProcessor
[THYMELEAF]             * [* 100000] [org.thymeleaf.standard.processor.StandardBlockTagProcessor]: {}
[THYMELEAF]         * Text Processors by [precedence]:
[THYMELEAF]             * [1000]: org.thymeleaf.standard.processor.StandardInliningTextProcessor
[THYMELEAF]     * Processors for Template Mode: CSS
[THYMELEAF]         * Element Tag Processors by [matching element and attribute name] [precedence]:
[THYMELEAF]             * [* {th:insert}] [100]: org.thymeleaf.standard.processor.StandardInsertTagProcessor
[THYMELEAF]             * [* {th:replace}] [100]: org.thymeleaf.standard.processor.StandardReplaceTagProcessor
[THYMELEAF]             * [* {th:each}] [200]: com.intuit.karate.template.KarateEachTagProcessor
[THYMELEAF]             * [* {th:switch}] [250]: org.thymeleaf.standard.processor.StandardSwitchTagProcessor
[THYMELEAF]             * [* {th:case}] [275]: org.thymeleaf.standard.processor.StandardCaseTagProcessor
[THYMELEAF]             * [* {th:if}] [300]: org.thymeleaf.standard.processor.StandardIfTagProcessor
[THYMELEAF]             * [* {th:unless}] [400]: org.thymeleaf.standard.processor.StandardUnlessTagProcessor
[THYMELEAF]             * [* {th:object}] [500]: org.thymeleaf.standard.processor.StandardObjectTagProcessor
[THYMELEAF]             * [* {th:with}] [600]: com.intuit.karate.template.KarateWithTagProcessor
[THYMELEAF]             * [* {th:inline}] [1000]: org.thymeleaf.standard.processor.StandardInlineTextualTagProcessor
[THYMELEAF]             * [* {th:text}] [1300]: org.thymeleaf.standard.processor.StandardTextTagProcessor
[THYMELEAF]             * [* {th:utext}] [1400]: org.thymeleaf.standard.processor.StandardUtextTagProcessor
[THYMELEAF]             * [* {th:assert}] [1550]: org.thymeleaf.standard.processor.StandardAssertTagProcessor
[THYMELEAF]             * [* {th:remove}] [1600]: org.thymeleaf.standard.processor.StandardRemoveTagProcessor
[THYMELEAF]             * [{th:block} *] [100000]: org.thymeleaf.standard.processor.StandardBlockTagProcessor
[THYMELEAF]             * [* 100000] [org.thymeleaf.standard.processor.StandardBlockTagProcessor]: {}
[THYMELEAF]         * Text Processors by [precedence]:
[THYMELEAF]             * [1000]: org.thymeleaf.standard.processor.StandardInliningTextProcessor
[THYMELEAF]     * Expression Objects:
[THYMELEAF]         * #ctx
[THYMELEAF]         * #root
[THYMELEAF]         * #vars
[THYMELEAF]         * #object
[THYMELEAF]         * #locale
[THYMELEAF]         * #request
[THYMELEAF]         * #response
[THYMELEAF]         * #session
[THYMELEAF]         * #servletContext
[THYMELEAF]         * #conversions
[THYMELEAF]         * #uris
[THYMELEAF]         * #calendars
[THYMELEAF]         * #dates
[THYMELEAF]         * #bools
[THYMELEAF]         * #numbers
[THYMELEAF]         * #objects
[THYMELEAF]         * #strings
[THYMELEAF]         * #arrays
[THYMELEAF]         * #lists
[THYMELEAF]         * #sets
[THYMELEAF]         * #maps
[THYMELEAF]         * #aggregates
[THYMELEAF]         * #messages
[THYMELEAF]         * #ids
[THYMELEAF]         * #execInfo
[THYMELEAF]         * #httpServletRequest
[THYMELEAF]         * #httpSession
[THYMELEAF]     * Execution Attributes:
[THYMELEAF]         * "StandardExpressionParser": com.intuit.karate.template.KarateStandardDialect@56ba8e8c
[THYMELEAF]         * "StandardJavaScriptSerializer": org.thymeleaf.standard.serializer.StandardJavaScriptSerializer@3e595da3
[THYMELEAF]         * "StandardCSSSerializer": org.thymeleaf.standard.serializer.StandardCSSSerializer@5c0272e0
[THYMELEAF]         * "StandardVariableExpressionEvaluator": com.intuit.karate.template.KarateStandardDialect@56ba8e8c
[THYMELEAF]         * "StandardConversionService": org.thymeleaf.standard.expression.StandardConversionService@60c4cf2b
[THYMELEAF] * Dialect [2 of 2]: karate (com.intuit.karate.template.KarateScriptDialect)
[THYMELEAF]     * Prefix: "ka"
[THYMELEAF]     * Processors for Template Mode: HTML
[THYMELEAF]         * Element Tag Processors by [matching element and attribute name] [precedence]:
[THYMELEAF]             * [* {src}] [1000]: com.intuit.karate.template.KaScriptAttrProcessor
[THYMELEAF]         * Element Model Processors by [matching element and attribute name] [precedence]:
[THYMELEAF]             * [{script} {ka:scope,data-ka-scope}] [1000]: com.intuit.karate.template.KaScriptElemProcessor
[THYMELEAF]             * [* {ka:set,data-ka-set}] [1000]: com.intuit.karate.template.KaSetElemProcessor
[THYMELEAF] TEMPLATE ENGINE CONFIGURED OK
19:16:08.278 [main] DEBUG org.thymeleaf.TemplateEngine - [THYMELEAF] TEMPLATE ENGINE INITIALIZED

HTML report: (paste into browser to view) | Karate version: 1.4.0
file:///C:/Users/User/Desktop/Python%20Projects/Karate%20Framework/stock-market-api-tests/target/karate-reports/karate-summary.html
===================================================================

]]></system-out>
  </testcase>
</testsuite>